mode: atomic
github.com/Ethernal-Tech/ucl-block-explorer-syncer/api_storage/api_storage.go:32.43,34.2 1 1
github.com/Ethernal-Tech/ucl-block-explorer-syncer/api_storage/api_storage.go:38.47,40.25 2 14
github.com/Ethernal-Tech/ucl-block-explorer-syncer/api_storage/api_storage.go:40.25,42.3 1 3
github.com/Ethernal-Tech/ucl-block-explorer-syncer/api_storage/api_storage.go:44.2,45.25 2 11
github.com/Ethernal-Tech/ucl-block-explorer-syncer/api_storage/api_storage.go:45.25,47.3 1 7
github.com/Ethernal-Tech/ucl-block-explorer-syncer/api_storage/api_storage.go:49.2,49.33 1 4
github.com/Ethernal-Tech/ucl-block-explorer-syncer/api_storage/api_storage.go:54.54,56.25 2 20
github.com/Ethernal-Tech/ucl-block-explorer-syncer/api_storage/api_storage.go:56.25,58.3 1 5
github.com/Ethernal-Tech/ucl-block-explorer-syncer/api_storage/api_storage.go:60.2,61.25 2 15
github.com/Ethernal-Tech/ucl-block-explorer-syncer/api_storage/api_storage.go:61.25,63.3 1 8
github.com/Ethernal-Tech/ucl-block-explorer-syncer/api_storage/api_storage.go:65.2,65.39 1 7
github.com/Ethernal-Tech/ucl-block-explorer-syncer/api_storage/api_storage.go:69.69,78.21 6 0
github.com/Ethernal-Tech/ucl-block-explorer-syncer/api_storage/api_storage.go:78.21,100.3 1 0
github.com/Ethernal-Tech/ucl-block-explorer-syncer/api_storage/api_storage.go:100.8,122.3 1 0
github.com/Ethernal-Tech/ucl-block-explorer-syncer/api_storage/api_storage.go:124.2,125.17 2 0
github.com/Ethernal-Tech/ucl-block-explorer-syncer/api_storage/api_storage.go:125.17,132.3 2 0
github.com/Ethernal-Tech/ucl-block-explorer-syncer/api_storage/api_storage.go:134.2,135.16 2 0
github.com/Ethernal-Tech/ucl-block-explorer-syncer/api_storage/api_storage.go:135.16,142.3 2 0
github.com/Ethernal-Tech/ucl-block-explorer-syncer/api_storage/api_storage.go:144.2,148.18 3 0
github.com/Ethernal-Tech/ucl-block-explorer-syncer/api_storage/api_storage.go:148.18,158.17 6 0
github.com/Ethernal-Tech/ucl-block-explorer-syncer/api_storage/api_storage.go:158.17,161.12 2 0
github.com/Ethernal-Tech/ucl-block-explorer-syncer/api_storage/api_storage.go:164.3,168.63 4 0
github.com/Ethernal-Tech/ucl-block-explorer-syncer/api_storage/api_storage.go:168.63,170.4 1 0
github.com/Ethernal-Tech/ucl-block-explorer-syncer/api_storage/api_storage.go:172.3,172.32 1 0
github.com/Ethernal-Tech/ucl-block-explorer-syncer/api_storage/api_storage.go:175.2,179.21 3 0
github.com/Ethernal-Tech/ucl-block-explorer-syncer/api_storage/api_storage.go:179.21,190.3 1 0
github.com/Ethernal-Tech/ucl-block-explorer-syncer/api_storage/api_storage.go:190.8,192.3 1 0
github.com/Ethernal-Tech/ucl-block-explorer-syncer/api_storage/api_storage.go:194.2,195.16 2 0
github.com/Ethernal-Tech/ucl-block-explorer-syncer/api_storage/api_storage.go:195.16,199.3 2 0
github.com/Ethernal-Tech/ucl-block-explorer-syncer/api_storage/api_storage.go:201.2,210.8 1 0
github.com/Ethernal-Tech/ucl-block-explorer-syncer/api_storage/api_storage.go:214.75,216.9 2 4
github.com/Ethernal-Tech/ucl-block-explorer-syncer/api_storage/api_storage.go:216.9,221.3 1 4
github.com/Ethernal-Tech/ucl-block-explorer-syncer/api_storage/api_storage.go:227.2,253.17 3 0
github.com/Ethernal-Tech/ucl-block-explorer-syncer/api_storage/api_storage.go:253.17,258.3 1 0
github.com/Ethernal-Tech/ucl-block-explorer-syncer/api_storage/api_storage.go:260.2,282.16 7 0
github.com/Ethernal-Tech/ucl-block-explorer-syncer/api_storage/api_storage.go:282.16,283.36 1 0
github.com/Ethernal-Tech/ucl-block-explorer-syncer/api_storage/api_storage.go:283.36,288.4 1 0
github.com/Ethernal-Tech/ucl-block-explorer-syncer/api_storage/api_storage.go:290.3,295.9 2 0
github.com/Ethernal-Tech/ucl-block-explorer-syncer/api_storage/api_storage.go:298.2,302.66 4 0
github.com/Ethernal-Tech/ucl-block-explorer-syncer/api_storage/api_storage.go:302.66,304.3 1 0
github.com/Ethernal-Tech/ucl-block-explorer-syncer/api_storage/api_storage.go:306.2,306.24 1 0
github.com/Ethernal-Tech/ucl-block-explorer-syncer/api_storage/api_storage.go:306.24,308.3 1 0
github.com/Ethernal-Tech/ucl-block-explorer-syncer/api_storage/api_storage.go:310.2,314.8 1 0
github.com/Ethernal-Tech/ucl-block-explorer-syncer/api_storage/api_storage.go:318.66,321.26 2 0
github.com/Ethernal-Tech/ucl-block-explorer-syncer/api_storage/api_storage.go:321.26,347.3 1 0
github.com/Ethernal-Tech/ucl-block-explorer-syncer/api_storage/api_storage.go:347.8,373.3 1 0
github.com/Ethernal-Tech/ucl-block-explorer-syncer/api_storage/api_storage.go:375.2,376.17 2 0
github.com/Ethernal-Tech/ucl-block-explorer-syncer/api_storage/api_storage.go:376.17,381.3 1 0
github.com/Ethernal-Tech/ucl-block-explorer-syncer/api_storage/api_storage.go:383.2,384.16 2 0
github.com/Ethernal-Tech/ucl-block-explorer-syncer/api_storage/api_storage.go:384.16,391.3 2 0
github.com/Ethernal-Tech/ucl-block-explorer-syncer/api_storage/api_storage.go:393.2,397.18 3 0
github.com/Ethernal-Tech/ucl-block-explorer-syncer/api_storage/api_storage.go:397.18,401.17 3 0
github.com/Ethernal-Tech/ucl-block-explorer-syncer/api_storage/api_storage.go:401.17,404.12 2 0
github.com/Ethernal-Tech/ucl-block-explorer-syncer/api_storage/api_storage.go:407.3,407.29 1 0
github.com/Ethernal-Tech/ucl-block-explorer-syncer/api_storage/api_storage.go:410.2,414.8 1 0
github.com/Ethernal-Tech/ucl-block-explorer-syncer/api_storage/api_storage.go:418.87,434.20 9 8
github.com/Ethernal-Tech/ucl-block-explorer-syncer/api_storage/api_storage.go:434.20,440.3 4 0
github.com/Ethernal-Tech/ucl-block-explorer-syncer/api_storage/api_storage.go:442.2,442.20 1 8
github.com/Ethernal-Tech/ucl-block-explorer-syncer/api_storage/api_storage.go:442.20,444.17 2 3
github.com/Ethernal-Tech/ucl-block-explorer-syncer/api_storage/api_storage.go:444.17,446.4 1 3
github.com/Ethernal-Tech/ucl-block-explorer-syncer/api_storage/api_storage.go:448.3,450.15 3 0
github.com/Ethernal-Tech/ucl-block-explorer-syncer/api_storage/api_storage.go:453.2,453.18 1 5
github.com/Ethernal-Tech/ucl-block-explorer-syncer/api_storage/api_storage.go:453.18,455.17 2 2
github.com/Ethernal-Tech/ucl-block-explorer-syncer/api_storage/api_storage.go:455.17,457.4 1 2
github.com/Ethernal-Tech/ucl-block-explorer-syncer/api_storage/api_storage.go:459.3,461.15 3 0
github.com/Ethernal-Tech/ucl-block-explorer-syncer/api_storage/api_storage.go:464.2,464.32 1 3
github.com/Ethernal-Tech/ucl-block-explorer-syncer/api_storage/api_storage.go:464.32,465.21 1 0
github.com/Ethernal-Tech/ucl-block-explorer-syncer/api_storage/api_storage.go:465.21,468.4 2 0
github.com/Ethernal-Tech/ucl-block-explorer-syncer/api_storage/api_storage.go:468.9,471.4 2 0
github.com/Ethernal-Tech/ucl-block-explorer-syncer/api_storage/api_storage.go:474.2,474.27 1 3
github.com/Ethernal-Tech/ucl-block-explorer-syncer/api_storage/api_storage.go:474.27,475.60 1 3
github.com/Ethernal-Tech/ucl-block-explorer-syncer/api_storage/api_storage.go:475.60,479.4 3 1
github.com/Ethernal-Tech/ucl-block-explorer-syncer/api_storage/api_storage.go:483.2,485.30 2 3
github.com/Ethernal-Tech/ucl-block-explorer-syncer/api_storage/api_storage.go:485.30,488.3 2 1
github.com/Ethernal-Tech/ucl-block-explorer-syncer/api_storage/api_storage.go:488.8,490.3 1 2
github.com/Ethernal-Tech/ucl-block-explorer-syncer/api_storage/api_storage.go:493.2,511.17 4 3
github.com/Ethernal-Tech/ucl-block-explorer-syncer/api_storage/api_storage.go:511.17,516.3 1 3
github.com/Ethernal-Tech/ucl-block-explorer-syncer/api_storage/api_storage.go:518.2,519.16 2 0
github.com/Ethernal-Tech/ucl-block-explorer-syncer/api_storage/api_storage.go:519.16,526.3 2 0
github.com/Ethernal-Tech/ucl-block-explorer-syncer/api_storage/api_storage.go:528.2,533.18 4 0
github.com/Ethernal-Tech/ucl-block-explorer-syncer/api_storage/api_storage.go:533.18,550.17 6 0
github.com/Ethernal-Tech/ucl-block-explorer-syncer/api_storage/api_storage.go:550.17,553.12 2 0
github.com/Ethernal-Tech/ucl-block-explorer-syncer/api_storage/api_storage.go:556.3,561.71 5 0
github.com/Ethernal-Tech/ucl-block-explorer-syncer/api_storage/api_storage.go:561.71,563.4 1 0
github.com/Ethernal-Tech/ucl-block-explorer-syncer/api_storage/api_storage.go:563.9,565.4 1 0
github.com/Ethernal-Tech/ucl-block-explorer-syncer/api_storage/api_storage.go:567.3,571.10 3 0
github.com/Ethernal-Tech/ucl-block-explorer-syncer/api_storage/api_storage.go:574.2,586.16 5 0
github.com/Ethernal-Tech/ucl-block-explorer-syncer/api_storage/api_storage.go:586.16,590.3 2 0
github.com/Ethernal-Tech/ucl-block-explorer-syncer/api_storage/api_storage.go:592.2,601.8 1 0
github.com/Ethernal-Tech/ucl-block-explorer-syncer/api_storage/api_storage.go:605.74,608.16 2 2
github.com/Ethernal-Tech/ucl-block-explorer-syncer/api_storage/api_storage.go:608.16,613.3 1 2
github.com/Ethernal-Tech/ucl-block-explorer-syncer/api_storage/api_storage.go:615.2,633.17 4 0
github.com/Ethernal-Tech/ucl-block-explorer-syncer/api_storage/api_storage.go:633.17,638.3 1 0
github.com/Ethernal-Tech/ucl-block-explorer-syncer/api_storage/api_storage.go:640.2,659.16 7 0
github.com/Ethernal-Tech/ucl-block-explorer-syncer/api_storage/api_storage.go:659.16,660.36 1 0
github.com/Ethernal-Tech/ucl-block-explorer-syncer/api_storage/api_storage.go:660.36,671.4 1 0
github.com/Ethernal-Tech/ucl-block-explorer-syncer/api_storage/api_storage.go:673.3,678.9 2 0
github.com/Ethernal-Tech/ucl-block-explorer-syncer/api_storage/api_storage.go:681.2,687.70 6 0
github.com/Ethernal-Tech/ucl-block-explorer-syncer/api_storage/api_storage.go:687.70,689.3 1 0
github.com/Ethernal-Tech/ucl-block-explorer-syncer/api_storage/api_storage.go:689.8,691.3 1 0
github.com/Ethernal-Tech/ucl-block-explorer-syncer/api_storage/api_storage.go:693.2,704.8 2 0
github.com/Ethernal-Tech/ucl-block-explorer-syncer/api_storage/api_storage.go:708.87,713.17 4 0
github.com/Ethernal-Tech/ucl-block-explorer-syncer/api_storage/api_storage.go:713.17,720.3 2 0
github.com/Ethernal-Tech/ucl-block-explorer-syncer/api_storage/api_storage.go:722.2,725.16 3 0
github.com/Ethernal-Tech/ucl-block-explorer-syncer/api_storage/api_storage.go:725.16,727.3 1 0
github.com/Ethernal-Tech/ucl-block-explorer-syncer/api_storage/api_storage.go:729.2,729.19 1 0
github.com/Ethernal-Tech/ucl-block-explorer-syncer/api_storage/api_storage.go:729.19,730.39 1 0
github.com/Ethernal-Tech/ucl-block-explorer-syncer/api_storage/api_storage.go:730.39,735.4 1 0
github.com/Ethernal-Tech/ucl-block-explorer-syncer/api_storage/api_storage.go:737.3,737.65 1 0
github.com/Ethernal-Tech/ucl-block-explorer-syncer/api_storage/api_storage.go:737.65,742.4 1 0
github.com/Ethernal-Tech/ucl-block-explorer-syncer/api_storage/api_storage.go:745.2,752.28 5 0
github.com/Ethernal-Tech/ucl-block-explorer-syncer/api_storage/api_storage.go:752.28,754.17 2 0
github.com/Ethernal-Tech/ucl-block-explorer-syncer/api_storage/api_storage.go:754.17,759.4 1 0
github.com/Ethernal-Tech/ucl-block-explorer-syncer/api_storage/api_storage.go:761.3,765.6 3 0
github.com/Ethernal-Tech/ucl-block-explorer-syncer/api_storage/api_storage.go:768.2,768.20 1 0
github.com/Ethernal-Tech/ucl-block-explorer-syncer/api_storage/api_storage.go:768.20,774.3 3 0
github.com/Ethernal-Tech/ucl-block-explorer-syncer/api_storage/api_storage.go:776.2,776.20 1 0
github.com/Ethernal-Tech/ucl-block-explorer-syncer/api_storage/api_storage.go:776.20,782.3 3 0
github.com/Ethernal-Tech/ucl-block-explorer-syncer/api_storage/api_storage.go:785.2,793.72 3 0
github.com/Ethernal-Tech/ucl-block-explorer-syncer/api_storage/api_storage.go:793.72,800.3 2 0
github.com/Ethernal-Tech/ucl-block-explorer-syncer/api_storage/api_storage.go:802.2,823.16 6 0
github.com/Ethernal-Tech/ucl-block-explorer-syncer/api_storage/api_storage.go:823.16,830.3 2 0
github.com/Ethernal-Tech/ucl-block-explorer-syncer/api_storage/api_storage.go:832.2,836.18 3 0
github.com/Ethernal-Tech/ucl-block-explorer-syncer/api_storage/api_storage.go:836.18,846.17 3 0
github.com/Ethernal-Tech/ucl-block-explorer-syncer/api_storage/api_storage.go:846.17,853.4 2 0
github.com/Ethernal-Tech/ucl-block-explorer-syncer/api_storage/api_storage.go:855.3,858.25 3 0
github.com/Ethernal-Tech/ucl-block-explorer-syncer/api_storage/api_storage.go:861.2,861.35 1 0
github.com/Ethernal-Tech/ucl-block-explorer-syncer/api_storage/api_storage.go:861.35,866.3 1 0
github.com/Ethernal-Tech/ucl-block-explorer-syncer/api_storage/api_storage.go:868.2,877.8 1 0
github.com/Ethernal-Tech/ucl-block-explorer-syncer/api_storage/api_storage.go:880.61,881.14 1 7
github.com/Ethernal-Tech/ucl-block-explorer-syncer/api_storage/api_storage.go:882.16,883.43 1 1
github.com/Ethernal-Tech/ucl-block-explorer-syncer/api_storage/api_storage.go:884.17,885.96 1 3
github.com/Ethernal-Tech/ucl-block-explorer-syncer/api_storage/api_storage.go:886.10,887.43 1 3
github.com/Ethernal-Tech/ucl-block-explorer-syncer/api_storage/api_storage.go:896.9,897.71 1 0
github.com/Ethernal-Tech/ucl-block-explorer-syncer/api_storage/api_storage.go:897.71,899.3 1 0
github.com/Ethernal-Tech/ucl-block-explorer-syncer/api_storage/api_storage.go:901.2,907.16 5 0
github.com/Ethernal-Tech/ucl-block-explorer-syncer/api_storage/api_storage.go:907.16,909.3 1 0
github.com/Ethernal-Tech/ucl-block-explorer-syncer/api_storage/api_storage.go:911.2,911.19 1 0
github.com/Ethernal-Tech/ucl-block-explorer-syncer/api_storage/api_storage.go:911.19,912.39 1 0
github.com/Ethernal-Tech/ucl-block-explorer-syncer/api_storage/api_storage.go:912.39,917.4 1 0
github.com/Ethernal-Tech/ucl-block-explorer-syncer/api_storage/api_storage.go:919.3,919.65 1 0
github.com/Ethernal-Tech/ucl-block-explorer-syncer/api_storage/api_storage.go:919.65,924.4 1 0
github.com/Ethernal-Tech/ucl-block-explorer-syncer/api_storage/api_storage.go:927.2,941.17 6 0
github.com/Ethernal-Tech/ucl-block-explorer-syncer/api_storage/api_storage.go:941.17,944.21 2 0
github.com/Ethernal-Tech/ucl-block-explorer-syncer/api_storage/api_storage.go:944.21,950.4 3 0
github.com/Ethernal-Tech/ucl-block-explorer-syncer/api_storage/api_storage.go:952.3,952.21 1 0
github.com/Ethernal-Tech/ucl-block-explorer-syncer/api_storage/api_storage.go:952.21,958.4 3 0
github.com/Ethernal-Tech/ucl-block-explorer-syncer/api_storage/api_storage.go:962.3,984.76 4 0
github.com/Ethernal-Tech/ucl-block-explorer-syncer/api_storage/api_storage.go:988.2,988.20 1 0
github.com/Ethernal-Tech/ucl-block-explorer-syncer/api_storage/api_storage.go:988.20,994.3 3 0
github.com/Ethernal-Tech/ucl-block-explorer-syncer/api_storage/api_storage.go:996.2,996.20 1 0
github.com/Ethernal-Tech/ucl-block-explorer-syncer/api_storage/api_storage.go:996.20,1002.3 3 0
github.com/Ethernal-Tech/ucl-block-explorer-syncer/api_storage/api_storage.go:1004.2,1020.75 3 0
github.com/Ethernal-Tech/ucl-block-explorer-syncer/api_storage/api_storage.go:1030.38,1033.72 2 0
github.com/Ethernal-Tech/ucl-block-explorer-syncer/api_storage/api_storage.go:1033.72,1040.3 2 0
github.com/Ethernal-Tech/ucl-block-explorer-syncer/api_storage/api_storage.go:1042.2,1046.16 4 0
github.com/Ethernal-Tech/ucl-block-explorer-syncer/api_storage/api_storage.go:1046.16,1053.3 2 0
github.com/Ethernal-Tech/ucl-block-explorer-syncer/api_storage/api_storage.go:1055.2,1059.18 3 0
github.com/Ethernal-Tech/ucl-block-explorer-syncer/api_storage/api_storage.go:1059.18,1064.54 3 0
github.com/Ethernal-Tech/ucl-block-explorer-syncer/api_storage/api_storage.go:1064.54,1071.4 2 0
github.com/Ethernal-Tech/ucl-block-explorer-syncer/api_storage/api_storage.go:1073.3,1076.25 3 0
github.com/Ethernal-Tech/ucl-block-explorer-syncer/api_storage/api_storage.go:1079.2,1079.35 1 0
github.com/Ethernal-Tech/ucl-block-explorer-syncer/api_storage/api_storage.go:1079.35,1084.3 1 0
github.com/Ethernal-Tech/ucl-block-explorer-syncer/api_storage/api_storage.go:1086.2,1095.8 1 0
github.com/Ethernal-Tech/ucl-block-explorer-syncer/api_storage/api_storage.go:1100.96,1102.17 2 0
github.com/Ethernal-Tech/ucl-block-explorer-syncer/api_storage/api_storage.go:1102.17,1109.3 2 0
github.com/Ethernal-Tech/ucl-block-explorer-syncer/api_storage/api_storage.go:1111.2,1111.77 1 0
github.com/Ethernal-Tech/ucl-block-explorer-syncer/api_storage/api_storage.go:1115.100,1117.17 2 0
github.com/Ethernal-Tech/ucl-block-explorer-syncer/api_storage/api_storage.go:1117.17,1124.3 2 0
github.com/Ethernal-Tech/ucl-block-explorer-syncer/api_storage/api_storage.go:1126.2,1126.66 1 0
github.com/Ethernal-Tech/ucl-block-explorer-syncer/api_storage/api_storage.go:1130.59,1132.17 2 0
github.com/Ethernal-Tech/ucl-block-explorer-syncer/api_storage/api_storage.go:1132.17,1139.3 2 0
github.com/Ethernal-Tech/ucl-block-explorer-syncer/api_storage/api_storage.go:1141.2,1146.16 2 0
github.com/Ethernal-Tech/ucl-block-explorer-syncer/api_storage/api_storage.go:1146.16,1153.3 2 0
github.com/Ethernal-Tech/ucl-block-explorer-syncer/api_storage/api_storage.go:1155.2,1159.18 3 0
github.com/Ethernal-Tech/ucl-block-explorer-syncer/api_storage/api_storage.go:1159.18,1164.79 3 0
github.com/Ethernal-Tech/ucl-block-explorer-syncer/api_storage/api_storage.go:1164.79,1171.4 2 0
github.com/Ethernal-Tech/ucl-block-explorer-syncer/api_storage/api_storage.go:1173.3,1173.16 1 0
github.com/Ethernal-Tech/ucl-block-explorer-syncer/api_storage/api_storage.go:1173.16,1176.4 2 0
github.com/Ethernal-Tech/ucl-block-explorer-syncer/api_storage/api_storage.go:1178.3,1178.26 1 0
github.com/Ethernal-Tech/ucl-block-explorer-syncer/api_storage/api_storage.go:1181.2,1181.35 1 0
github.com/Ethernal-Tech/ucl-block-explorer-syncer/api_storage/api_storage.go:1181.35,1186.3 1 0
github.com/Ethernal-Tech/ucl-block-explorer-syncer/api_storage/api_storage.go:1188.2,1192.8 1 0
github.com/Ethernal-Tech/ucl-block-explorer-syncer/api_storage/asset_issuers.go:28.60,30.17 2 0
github.com/Ethernal-Tech/ucl-block-explorer-syncer/api_storage/asset_issuers.go:30.17,32.3 1 0
github.com/Ethernal-Tech/ucl-block-explorer-syncer/api_storage/asset_issuers.go:34.2,35.16 2 0
github.com/Ethernal-Tech/ucl-block-explorer-syncer/api_storage/asset_issuers.go:35.16,37.3 1 0
github.com/Ethernal-Tech/ucl-block-explorer-syncer/api_storage/asset_issuers.go:39.2,49.16 4 0
github.com/Ethernal-Tech/ucl-block-explorer-syncer/api_storage/asset_issuers.go:49.16,51.3 1 0
github.com/Ethernal-Tech/ucl-block-explorer-syncer/api_storage/asset_issuers.go:53.2,53.58 1 0
github.com/Ethernal-Tech/ucl-block-explorer-syncer/api_storage/asset_issuers.go:53.58,55.3 1 0
github.com/Ethernal-Tech/ucl-block-explorer-syncer/api_storage/asset_issuers.go:57.2,57.36 1 0
github.com/Ethernal-Tech/ucl-block-explorer-syncer/api_storage/asset_issuers.go:57.36,59.3 1 0
github.com/Ethernal-Tech/ucl-block-explorer-syncer/api_storage/asset_issuers.go:61.2,61.16 1 0
github.com/Ethernal-Tech/ucl-block-explorer-syncer/api_storage/asset_issuers.go:64.50,66.17 2 0
github.com/Ethernal-Tech/ucl-block-explorer-syncer/api_storage/asset_issuers.go:66.17,68.3 1 0
github.com/Ethernal-Tech/ucl-block-explorer-syncer/api_storage/asset_issuers.go:70.2,71.16 2 0
github.com/Ethernal-Tech/ucl-block-explorer-syncer/api_storage/asset_issuers.go:71.16,73.3 1 0
github.com/Ethernal-Tech/ucl-block-explorer-syncer/api_storage/asset_issuers.go:75.2,87.16 3 0
github.com/Ethernal-Tech/ucl-block-explorer-syncer/api_storage/asset_issuers.go:87.16,89.3 1 0
github.com/Ethernal-Tech/ucl-block-explorer-syncer/api_storage/asset_issuers.go:91.2,92.15 2 0
github.com/Ethernal-Tech/ucl-block-explorer-syncer/api_storage/asset_issuers.go:92.15,94.3 1 0
github.com/Ethernal-Tech/ucl-block-explorer-syncer/api_storage/asset_issuers.go:96.2,96.108 1 0
github.com/Ethernal-Tech/ucl-block-explorer-syncer/api_storage/asset_issuers.go:96.108,98.3 1 0
github.com/Ethernal-Tech/ucl-block-explorer-syncer/api_storage/asset_issuers.go:100.2,100.65 1 0
github.com/Ethernal-Tech/ucl-block-explorer-syncer/api_storage/asset_issuers.go:100.65,102.3 1 0
github.com/Ethernal-Tech/ucl-block-explorer-syncer/api_storage/asset_issuers.go:104.2,104.36 1 0
github.com/Ethernal-Tech/ucl-block-explorer-syncer/api_storage/asset_issuers.go:104.36,106.3 1 0
github.com/Ethernal-Tech/ucl-block-explorer-syncer/api_storage/asset_issuers.go:108.2,108.12 1 0
github.com/Ethernal-Tech/ucl-block-explorer-syncer/api_storage/asset_issuers.go:111.41,113.17 2 0
github.com/Ethernal-Tech/ucl-block-explorer-syncer/api_storage/asset_issuers.go:113.17,115.3 1 0
github.com/Ethernal-Tech/ucl-block-explorer-syncer/api_storage/asset_issuers.go:117.2,118.16 2 0
github.com/Ethernal-Tech/ucl-block-explorer-syncer/api_storage/asset_issuers.go:118.16,120.3 1 0
github.com/Ethernal-Tech/ucl-block-explorer-syncer/api_storage/asset_issuers.go:122.2,123.15 2 0
github.com/Ethernal-Tech/ucl-block-explorer-syncer/api_storage/asset_issuers.go:123.15,125.3 1 0
github.com/Ethernal-Tech/ucl-block-explorer-syncer/api_storage/asset_issuers.go:127.2,127.12 1 0
github.com/Ethernal-Tech/ucl-block-explorer-syncer/api_storage/asset_issuers.go:130.61,132.17 2 0
github.com/Ethernal-Tech/ucl-block-explorer-syncer/api_storage/asset_issuers.go:132.17,139.3 2 0
github.com/Ethernal-Tech/ucl-block-explorer-syncer/api_storage/asset_issuers.go:141.2,150.16 2 0
github.com/Ethernal-Tech/ucl-block-explorer-syncer/api_storage/asset_issuers.go:150.16,155.3 1 0
github.com/Ethernal-Tech/ucl-block-explorer-syncer/api_storage/asset_issuers.go:157.2,161.18 3 0
github.com/Ethernal-Tech/ucl-block-explorer-syncer/api_storage/asset_issuers.go:161.18,167.60 3 0
github.com/Ethernal-Tech/ucl-block-explorer-syncer/api_storage/asset_issuers.go:167.60,172.4 1 0
github.com/Ethernal-Tech/ucl-block-explorer-syncer/api_storage/asset_issuers.go:174.3,176.30 2 0
github.com/Ethernal-Tech/ucl-block-explorer-syncer/api_storage/asset_issuers.go:179.2,179.35 1 0
github.com/Ethernal-Tech/ucl-block-explorer-syncer/api_storage/asset_issuers.go:179.35,184.3 1 0
github.com/Ethernal-Tech/ucl-block-explorer-syncer/api_storage/asset_issuers.go:186.2,190.8 1 0
github.com/Ethernal-Tech/ucl-block-explorer-syncer/api_storage/asset_issuers.go:193.69,194.30 1 0
github.com/Ethernal-Tech/ucl-block-explorer-syncer/api_storage/asset_issuers.go:194.30,196.17 2 0
github.com/Ethernal-Tech/ucl-block-explorer-syncer/api_storage/asset_issuers.go:196.17,197.12 1 0
github.com/Ethernal-Tech/ucl-block-explorer-syncer/api_storage/asset_issuers.go:200.3,204.17 2 0
github.com/Ethernal-Tech/ucl-block-explorer-syncer/api_storage/asset_issuers.go:204.17,205.61 1 0
github.com/Ethernal-Tech/ucl-block-explorer-syncer/api_storage/asset_issuers.go:205.61,207.5 1 0
github.com/Ethernal-Tech/ucl-block-explorer-syncer/api_storage/asset_issuers.go:209.4,209.67 1 0
github.com/Ethernal-Tech/ucl-block-explorer-syncer/api_storage/asset_issuers.go:209.67,211.5 1 0
github.com/Ethernal-Tech/ucl-block-explorer-syncer/api_storage/asset_issuers.go:213.4,213.53 1 0
github.com/Ethernal-Tech/ucl-block-explorer-syncer/api_storage/asset_issuers.go:217.2,217.12 1 0
github.com/Ethernal-Tech/ucl-block-explorer-syncer/api_storage/asset_issuers.go:220.40,221.13 1 0
github.com/Ethernal-Tech/ucl-block-explorer-syncer/api_storage/asset_issuers.go:221.13,223.3 1 0
github.com/Ethernal-Tech/ucl-block-explorer-syncer/api_storage/asset_issuers.go:225.2,225.10 1 0
github.com/Ethernal-Tech/ucl-block-explorer-syncer/api_storage/circulation_cumulative.go:11.45,15.2 2 4
github.com/Ethernal-Tech/ucl-block-explorer-syncer/api_storage/circulation_cumulative.go:17.42,19.2 1 3
github.com/Ethernal-Tech/ucl-block-explorer-syncer/api_storage/circulation_cumulative.go:24.119,25.80 1 0
github.com/Ethernal-Tech/ucl-block-explorer-syncer/api_storage/circulation_cumulative.go:25.80,27.3 1 0
github.com/Ethernal-Tech/ucl-block-explorer-syncer/api_storage/circulation_cumulative.go:29.2,30.17 2 0
github.com/Ethernal-Tech/ucl-block-explorer-syncer/api_storage/circulation_cumulative.go:30.17,32.3 1 0
github.com/Ethernal-Tech/ucl-block-explorer-syncer/api_storage/circulation_cumulative.go:34.2,35.16 2 0
github.com/Ethernal-Tech/ucl-block-explorer-syncer/api_storage/circulation_cumulative.go:35.16,37.3 1 0
github.com/Ethernal-Tech/ucl-block-explorer-syncer/api_storage/circulation_cumulative.go:39.2,42.19 3 0
github.com/Ethernal-Tech/ucl-block-explorer-syncer/api_storage/circulation_cumulative.go:42.19,44.17 2 0
github.com/Ethernal-Tech/ucl-block-explorer-syncer/api_storage/circulation_cumulative.go:44.17,46.4 1 0
github.com/Ethernal-Tech/ucl-block-explorer-syncer/api_storage/circulation_cumulative.go:48.3,50.25 2 0
github.com/Ethernal-Tech/ucl-block-explorer-syncer/api_storage/circulation_cumulative.go:53.2,60.14 3 0
github.com/Ethernal-Tech/ucl-block-explorer-syncer/api_storage/circulation_cumulative.go:60.14,64.3 2 0
github.com/Ethernal-Tech/ucl-block-explorer-syncer/api_storage/circulation_cumulative.go:66.2,68.24 2 0
github.com/Ethernal-Tech/ucl-block-explorer-syncer/api_storage/circulation_cumulative.go:75.9,80.17 4 0
github.com/Ethernal-Tech/ucl-block-explorer-syncer/api_storage/circulation_cumulative.go:80.17,87.3 2 0
github.com/Ethernal-Tech/ucl-block-explorer-syncer/api_storage/circulation_cumulative.go:89.2,92.16 3 0
github.com/Ethernal-Tech/ucl-block-explorer-syncer/api_storage/circulation_cumulative.go:92.16,94.3 1 0
github.com/Ethernal-Tech/ucl-block-explorer-syncer/api_storage/circulation_cumulative.go:96.2,96.24 1 0
github.com/Ethernal-Tech/ucl-block-explorer-syncer/api_storage/circulation_cumulative.go:96.24,107.3 1 0
github.com/Ethernal-Tech/ucl-block-explorer-syncer/api_storage/circulation_cumulative.go:109.2,109.19 1 0
github.com/Ethernal-Tech/ucl-block-explorer-syncer/api_storage/circulation_cumulative.go:109.19,110.57 1 0
github.com/Ethernal-Tech/ucl-block-explorer-syncer/api_storage/circulation_cumulative.go:110.57,115.4 1 0
github.com/Ethernal-Tech/ucl-block-explorer-syncer/api_storage/circulation_cumulative.go:116.8,118.50 2 0
github.com/Ethernal-Tech/ucl-block-explorer-syncer/api_storage/circulation_cumulative.go:118.50,123.4 1 0
github.com/Ethernal-Tech/ucl-block-explorer-syncer/api_storage/circulation_cumulative.go:126.2,128.11 2 0
github.com/Ethernal-Tech/ucl-block-explorer-syncer/api_storage/circulation_cumulative.go:129.16,130.63 1 0
github.com/Ethernal-Tech/ucl-block-explorer-syncer/api_storage/circulation_cumulative.go:131.17,132.64 1 0
github.com/Ethernal-Tech/ucl-block-explorer-syncer/api_storage/circulation_cumulative.go:133.10,134.62 1 0
github.com/Ethernal-Tech/ucl-block-explorer-syncer/api_storage/circulation_cumulative.go:137.2,137.16 1 0
github.com/Ethernal-Tech/ucl-block-explorer-syncer/api_storage/circulation_cumulative.go:137.16,144.3 2 0
github.com/Ethernal-Tech/ucl-block-explorer-syncer/api_storage/circulation_cumulative.go:146.2,147.16 2 0
github.com/Ethernal-Tech/ucl-block-explorer-syncer/api_storage/circulation_cumulative.go:147.16,158.3 1 0
github.com/Ethernal-Tech/ucl-block-explorer-syncer/api_storage/circulation_cumulative.go:160.2,161.27 2 0
github.com/Ethernal-Tech/ucl-block-explorer-syncer/api_storage/circulation_cumulative.go:161.27,172.3 1 0
github.com/Ethernal-Tech/ucl-block-explorer-syncer/api_storage/circulation_cumulative.go:174.2,175.23 2 0
github.com/Ethernal-Tech/ucl-block-explorer-syncer/api_storage/circulation_cumulative.go:175.23,177.3 1 0
github.com/Ethernal-Tech/ucl-block-explorer-syncer/api_storage/circulation_cumulative.go:179.2,190.8 2 0
github.com/Ethernal-Tech/ucl-block-explorer-syncer/api_storage/circulation_cumulative.go:193.112,209.16 2 0
github.com/Ethernal-Tech/ucl-block-explorer-syncer/api_storage/circulation_cumulative.go:209.16,211.3 1 0
github.com/Ethernal-Tech/ucl-block-explorer-syncer/api_storage/circulation_cumulative.go:213.2,217.18 3 0
github.com/Ethernal-Tech/ucl-block-explorer-syncer/api_storage/circulation_cumulative.go:217.18,222.53 3 0
github.com/Ethernal-Tech/ucl-block-explorer-syncer/api_storage/circulation_cumulative.go:222.53,224.4 1 0
github.com/Ethernal-Tech/ucl-block-explorer-syncer/api_storage/circulation_cumulative.go:226.3,232.5 2 0
github.com/Ethernal-Tech/ucl-block-explorer-syncer/api_storage/circulation_cumulative.go:235.2,235.24 1 0
github.com/Ethernal-Tech/ucl-block-explorer-syncer/api_storage/circulation_cumulative.go:238.111,255.16 2 0
github.com/Ethernal-Tech/ucl-block-explorer-syncer/api_storage/circulation_cumulative.go:255.16,257.3 1 0
github.com/Ethernal-Tech/ucl-block-explorer-syncer/api_storage/circulation_cumulative.go:259.2,263.18 3 0
github.com/Ethernal-Tech/ucl-block-explorer-syncer/api_storage/circulation_cumulative.go:263.18,268.52 3 0
github.com/Ethernal-Tech/ucl-block-explorer-syncer/api_storage/circulation_cumulative.go:268.52,270.4 1 0
github.com/Ethernal-Tech/ucl-block-explorer-syncer/api_storage/circulation_cumulative.go:272.3,278.5 2 0
github.com/Ethernal-Tech/ucl-block-explorer-syncer/api_storage/circulation_cumulative.go:281.2,281.24 1 0
github.com/Ethernal-Tech/ucl-block-explorer-syncer/api_storage/circulation_cumulative.go:284.113,310.16 2 0
github.com/Ethernal-Tech/ucl-block-explorer-syncer/api_storage/circulation_cumulative.go:310.16,312.3 1 0
github.com/Ethernal-Tech/ucl-block-explorer-syncer/api_storage/circulation_cumulative.go:313.2,317.18 3 0
github.com/Ethernal-Tech/ucl-block-explorer-syncer/api_storage/circulation_cumulative.go:317.18,322.52 3 0
github.com/Ethernal-Tech/ucl-block-explorer-syncer/api_storage/circulation_cumulative.go:322.52,324.4 1 0
github.com/Ethernal-Tech/ucl-block-explorer-syncer/api_storage/circulation_cumulative.go:326.3,332.5 2 0
github.com/Ethernal-Tech/ucl-block-explorer-syncer/api_storage/circulation_cumulative.go:335.2,335.24 1 0
github.com/Ethernal-Tech/ucl-block-explorer-syncer/api_storage/db.go:12.26,14.2 1 0
github.com/Ethernal-Tech/ucl-block-explorer-syncer/api_storage/db.go:16.22,18.2 1 4
github.com/Ethernal-Tech/ucl-block-explorer-syncer/api_storage/helper.go:3.27,4.12 1 13
github.com/Ethernal-Tech/ucl-block-explorer-syncer/api_storage/helper.go:4.12,6.3 1 10
github.com/Ethernal-Tech/ucl-block-explorer-syncer/api_storage/helper.go:8.2,8.10 1 3
github.com/Ethernal-Tech/ucl-block-explorer-syncer/api_storage/helper.go:11.41,12.25 1 7
github.com/Ethernal-Tech/ucl-block-explorer-syncer/api_storage/helper.go:12.25,14.3 1 4
github.com/Ethernal-Tech/ucl-block-explorer-syncer/api_storage/helper.go:16.2,16.11 1 3
github.com/Ethernal-Tech/ucl-block-explorer-syncer/api_storage/helper.go:19.38,20.26 1 15
github.com/Ethernal-Tech/ucl-block-explorer-syncer/api_storage/helper.go:20.26,22.3 1 12
github.com/Ethernal-Tech/ucl-block-explorer-syncer/api_storage/helper.go:24.2,24.11 1 3
github.com/Ethernal-Tech/ucl-block-explorer-syncer/api_storage/helper.go:27.37,28.25 1 7
github.com/Ethernal-Tech/ucl-block-explorer-syncer/api_storage/helper.go:28.25,30.3 1 4
github.com/Ethernal-Tech/ucl-block-explorer-syncer/api_storage/helper.go:32.2,32.11 1 3
github.com/Ethernal-Tech/ucl-block-explorer-syncer/api_storage/helper.go:35.46,36.25 1 11
github.com/Ethernal-Tech/ucl-block-explorer-syncer/api_storage/helper.go:36.25,38.3 1 8
github.com/Ethernal-Tech/ucl-block-explorer-syncer/api_storage/helper.go:40.2,40.11 1 3
github.com/Ethernal-Tech/ucl-block-explorer-syncer/api_storage/helper.go:43.47,45.2 1 14
github.com/Ethernal-Tech/ucl-block-explorer-syncer/api_storage/stats_time_range.go:12.44,13.47 1 10
github.com/Ethernal-Tech/ucl-block-explorer-syncer/api_storage/stats_time_range.go:14.36,15.47 1 7
github.com/Ethernal-Tech/ucl-block-explorer-syncer/api_storage/stats_time_range.go:16.10,17.17 1 3
github.com/Ethernal-Tech/ucl-block-explorer-syncer/api_storage/stats_time_range.go:23.112,27.40 3 12
github.com/Ethernal-Tech/ucl-block-explorer-syncer/api_storage/stats_time_range.go:27.40,28.41 1 8
github.com/Ethernal-Tech/ucl-block-explorer-syncer/api_storage/stats_time_range.go:28.41,30.4 1 2
github.com/Ethernal-Tech/ucl-block-explorer-syncer/api_storage/stats_time_range.go:32.3,33.17 2 6
github.com/Ethernal-Tech/ucl-block-explorer-syncer/api_storage/stats_time_range.go:33.17,35.4 1 1
github.com/Ethernal-Tech/ucl-block-explorer-syncer/api_storage/stats_time_range.go:37.3,38.17 2 5
github.com/Ethernal-Tech/ucl-block-explorer-syncer/api_storage/stats_time_range.go:38.17,40.4 1 1
github.com/Ethernal-Tech/ucl-block-explorer-syncer/api_storage/stats_time_range.go:42.3,45.32 3 4
github.com/Ethernal-Tech/ucl-block-explorer-syncer/api_storage/stats_time_range.go:45.32,47.4 1 2
github.com/Ethernal-Tech/ucl-block-explorer-syncer/api_storage/stats_time_range.go:49.3,49.32 1 2
github.com/Ethernal-Tech/ucl-block-explorer-syncer/api_storage/stats_time_range.go:52.2,55.17 3 4
github.com/Ethernal-Tech/ucl-block-explorer-syncer/api_storage/stats_time_range.go:55.17,57.3 1 0
github.com/Ethernal-Tech/ucl-block-explorer-syncer/api_storage/stats_time_range.go:59.2,59.19 1 4
github.com/Ethernal-Tech/ucl-block-explorer-syncer/api_storage/stats_time_range.go:59.19,61.3 1 1
github.com/Ethernal-Tech/ucl-block-explorer-syncer/api_storage/stats_time_range.go:63.2,64.16 2 4
github.com/Ethernal-Tech/ucl-block-explorer-syncer/api_storage/stats_time_range.go:64.16,66.3 1 1
github.com/Ethernal-Tech/ucl-block-explorer-syncer/api_storage/stats_time_range.go:68.2,69.16 2 3
github.com/Ethernal-Tech/ucl-block-explorer-syncer/api_storage/stats_time_range.go:69.16,71.3 1 1
github.com/Ethernal-Tech/ucl-block-explorer-syncer/api_storage/stats_time_range.go:73.2,76.31 3 2
github.com/Ethernal-Tech/ucl-block-explorer-syncer/api_storage/stats_time_range.go:79.52,80.31 1 9
github.com/Ethernal-Tech/ucl-block-explorer-syncer/api_storage/stats_time_range.go:80.31,82.3 1 2
github.com/Ethernal-Tech/ucl-block-explorer-syncer/api_storage/stats_time_range.go:84.2,86.25 2 7
github.com/Ethernal-Tech/ucl-block-explorer-syncer/api_storage/stats_time_range.go:90.41,91.14 1 6
github.com/Ethernal-Tech/ucl-block-explorer-syncer/api_storage/stats_time_range.go:92.16,93.18 1 1
github.com/Ethernal-Tech/ucl-block-explorer-syncer/api_storage/stats_time_range.go:94.17,95.19 1 1
github.com/Ethernal-Tech/ucl-block-explorer-syncer/api_storage/stats_time_range.go:96.10,97.17 1 4
github.com/Ethernal-Tech/ucl-block-explorer-syncer/api_storage/stats_time_range.go:103.120,107.40 3 8
github.com/Ethernal-Tech/ucl-block-explorer-syncer/api_storage/stats_time_range.go:107.40,108.41 1 2
github.com/Ethernal-Tech/ucl-block-explorer-syncer/api_storage/stats_time_range.go:108.41,110.4 1 1
github.com/Ethernal-Tech/ucl-block-explorer-syncer/api_storage/stats_time_range.go:112.3,113.17 2 1
github.com/Ethernal-Tech/ucl-block-explorer-syncer/api_storage/stats_time_range.go:113.17,115.4 1 0
github.com/Ethernal-Tech/ucl-block-explorer-syncer/api_storage/stats_time_range.go:117.3,117.27 1 1
github.com/Ethernal-Tech/ucl-block-explorer-syncer/api_storage/stats_time_range.go:120.2,120.36 1 6
github.com/Ethernal-Tech/ucl-block-explorer-syncer/api_storage/stats_time_range.go:120.36,122.17 2 3
github.com/Ethernal-Tech/ucl-block-explorer-syncer/api_storage/stats_time_range.go:122.17,124.4 1 1
github.com/Ethernal-Tech/ucl-block-explorer-syncer/api_storage/stats_time_range.go:126.3,127.15 2 2
github.com/Ethernal-Tech/ucl-block-explorer-syncer/api_storage/stats_time_range.go:130.2,130.38 1 5
github.com/Ethernal-Tech/ucl-block-explorer-syncer/api_storage/stats_time_range.go:130.38,132.17 2 3
github.com/Ethernal-Tech/ucl-block-explorer-syncer/api_storage/stats_time_range.go:132.17,134.4 1 1
github.com/Ethernal-Tech/ucl-block-explorer-syncer/api_storage/stats_time_range.go:136.3,137.15 2 2
github.com/Ethernal-Tech/ucl-block-explorer-syncer/api_storage/stats_time_range.go:140.2,140.30 1 4
github.com/Ethernal-Tech/ucl-block-explorer-syncer/api_storage/token_transfers.go:52.84,56.16 3 4
github.com/Ethernal-Tech/ucl-block-explorer-syncer/api_storage/token_transfers.go:56.16,58.3 1 1
github.com/Ethernal-Tech/ucl-block-explorer-syncer/api_storage/token_transfers.go:60.2,62.42 2 3
github.com/Ethernal-Tech/ucl-block-explorer-syncer/api_storage/token_transfers.go:62.42,64.17 2 0
github.com/Ethernal-Tech/ucl-block-explorer-syncer/api_storage/token_transfers.go:64.17,66.4 1 0
github.com/Ethernal-Tech/ucl-block-explorer-syncer/api_storage/token_transfers.go:68.3,68.24 1 0
github.com/Ethernal-Tech/ucl-block-explorer-syncer/api_storage/token_transfers.go:71.2,73.44 2 3
github.com/Ethernal-Tech/ucl-block-explorer-syncer/api_storage/token_transfers.go:73.44,75.10 2 1
github.com/Ethernal-Tech/ucl-block-explorer-syncer/api_storage/token_transfers.go:75.10,77.4 1 0
github.com/Ethernal-Tech/ucl-block-explorer-syncer/api_storage/token_transfers.go:79.3,80.17 2 1
github.com/Ethernal-Tech/ucl-block-explorer-syncer/api_storage/token_transfers.go:83.2,85.42 2 3
github.com/Ethernal-Tech/ucl-block-explorer-syncer/api_storage/token_transfers.go:85.42,87.10 2 1
github.com/Ethernal-Tech/ucl-block-explorer-syncer/api_storage/token_transfers.go:87.10,89.4 1 0
github.com/Ethernal-Tech/ucl-block-explorer-syncer/api_storage/token_transfers.go:91.3,92.15 2 1
github.com/Ethernal-Tech/ucl-block-explorer-syncer/api_storage/token_transfers.go:95.2,95.65 1 3
github.com/Ethernal-Tech/ucl-block-explorer-syncer/api_storage/token_transfers.go:95.65,97.3 1 1
github.com/Ethernal-Tech/ucl-block-explorer-syncer/api_storage/token_transfers.go:99.2,101.41 2 2
github.com/Ethernal-Tech/ucl-block-explorer-syncer/api_storage/token_transfers.go:101.41,103.17 2 1
github.com/Ethernal-Tech/ucl-block-explorer-syncer/api_storage/token_transfers.go:103.17,105.4 1 1
github.com/Ethernal-Tech/ucl-block-explorer-syncer/api_storage/token_transfers.go:107.3,107.14 1 0
github.com/Ethernal-Tech/ucl-block-explorer-syncer/api_storage/token_transfers.go:110.2,111.17 2 1
github.com/Ethernal-Tech/ucl-block-explorer-syncer/api_storage/token_transfers.go:111.17,115.3 2 1
github.com/Ethernal-Tech/ucl-block-explorer-syncer/api_storage/token_transfers.go:117.2,128.22 5 0
github.com/Ethernal-Tech/ucl-block-explorer-syncer/api_storage/token_transfers.go:128.22,133.3 3 0
github.com/Ethernal-Tech/ucl-block-explorer-syncer/api_storage/token_transfers.go:135.2,135.20 1 0
github.com/Ethernal-Tech/ucl-block-explorer-syncer/api_storage/token_transfers.go:135.20,140.3 3 0
github.com/Ethernal-Tech/ucl-block-explorer-syncer/api_storage/token_transfers.go:142.2,142.24 1 0
github.com/Ethernal-Tech/ucl-block-explorer-syncer/api_storage/token_transfers.go:142.24,148.3 4 0
github.com/Ethernal-Tech/ucl-block-explorer-syncer/api_storage/token_transfers.go:150.2,150.19 1 0
github.com/Ethernal-Tech/ucl-block-explorer-syncer/api_storage/token_transfers.go:150.19,160.3 3 0
github.com/Ethernal-Tech/ucl-block-explorer-syncer/api_storage/token_transfers.go:162.2,170.16 4 0
github.com/Ethernal-Tech/ucl-block-explorer-syncer/api_storage/token_transfers.go:170.16,174.3 2 0
github.com/Ethernal-Tech/ucl-block-explorer-syncer/api_storage/token_transfers.go:175.2,179.18 3 0
github.com/Ethernal-Tech/ucl-block-explorer-syncer/api_storage/token_transfers.go:179.18,189.95 2 0
github.com/Ethernal-Tech/ucl-block-explorer-syncer/api_storage/token_transfers.go:189.95,191.4 1 0
github.com/Ethernal-Tech/ucl-block-explorer-syncer/api_storage/token_transfers.go:193.3,194.10 2 0
github.com/Ethernal-Tech/ucl-block-explorer-syncer/api_storage/token_transfers.go:194.10,195.12 1 0
github.com/Ethernal-Tech/ucl-block-explorer-syncer/api_storage/token_transfers.go:198.3,206.5 1 0
github.com/Ethernal-Tech/ucl-block-explorer-syncer/api_storage/token_transfers.go:209.2,209.35 1 0
github.com/Ethernal-Tech/ucl-block-explorer-syncer/api_storage/token_transfers.go:209.35,211.3 1 0
github.com/Ethernal-Tech/ucl-block-explorer-syncer/api_storage/token_transfers.go:213.2,218.31 2 0
github.com/Ethernal-Tech/ucl-block-explorer-syncer/api_storage/token_transfers.go:218.31,226.3 3 0
github.com/Ethernal-Tech/ucl-block-explorer-syncer/api_storage/token_transfers.go:228.2,228.18 1 0
github.com/Ethernal-Tech/ucl-block-explorer-syncer/api_storage/token_transfers.go:231.62,235.2 2 2
github.com/Ethernal-Tech/ucl-block-explorer-syncer/api_storage/token_transfers.go:237.71,239.16 2 7
github.com/Ethernal-Tech/ucl-block-explorer-syncer/api_storage/token_transfers.go:239.16,241.3 1 1
github.com/Ethernal-Tech/ucl-block-explorer-syncer/api_storage/token_transfers.go:243.2,244.21 2 6
github.com/Ethernal-Tech/ucl-block-explorer-syncer/api_storage/token_transfers.go:244.21,246.3 1 3
github.com/Ethernal-Tech/ucl-block-explorer-syncer/api_storage/token_transfers.go:248.2,249.35 2 3
github.com/Ethernal-Tech/ucl-block-explorer-syncer/api_storage/token_transfers.go:249.35,251.3 1 1
github.com/Ethernal-Tech/ucl-block-explorer-syncer/api_storage/token_transfers.go:253.2,254.32 2 2
github.com/Ethernal-Tech/ucl-block-explorer-syncer/api_storage/token_transfers.go:254.32,256.3 1 0
github.com/Ethernal-Tech/ucl-block-explorer-syncer/api_storage/token_transfers.go:258.2,259.28 2 2
github.com/Ethernal-Tech/ucl-block-explorer-syncer/api_storage/token_transfers.go:259.28,261.3 1 1
github.com/Ethernal-Tech/ucl-block-explorer-syncer/api_storage/token_transfers.go:263.2,267.8 1 1
github.com/Ethernal-Tech/ucl-block-explorer-syncer/api_storage/token_transfers.go:270.38,271.55 1 5
github.com/Ethernal-Tech/ucl-block-explorer-syncer/api_storage/token_transfers.go:271.55,273.3 1 3
github.com/Ethernal-Tech/ucl-block-explorer-syncer/api_storage/token_transfers.go:275.2,275.29 1 2
github.com/Ethernal-Tech/ucl-block-explorer-syncer/api_storage/token_transfers.go:275.29,276.84 1 128
github.com/Ethernal-Tech/ucl-block-explorer-syncer/api_storage/token_transfers.go:276.84,278.4 1 0
github.com/Ethernal-Tech/ucl-block-explorer-syncer/api_storage/token_transfers.go:281.2,281.13 1 2
github.com/Ethernal-Tech/ucl-block-explorer-syncer/api_storage/validator_metadata.go:23.57,25.17 2 0
github.com/Ethernal-Tech/ucl-block-explorer-syncer/api_storage/validator_metadata.go:25.17,27.3 1 0
github.com/Ethernal-Tech/ucl-block-explorer-syncer/api_storage/validator_metadata.go:29.2,38.16 2 0
github.com/Ethernal-Tech/ucl-block-explorer-syncer/api_storage/validator_metadata.go:38.16,40.3 1 0
github.com/Ethernal-Tech/ucl-block-explorer-syncer/api_storage/validator_metadata.go:42.2,42.12 1 0
github.com/Ethernal-Tech/ucl-block-explorer-syncer/api_storage/validator_metadata.go:45.52,47.17 2 0
github.com/Ethernal-Tech/ucl-block-explorer-syncer/api_storage/validator_metadata.go:47.17,49.3 1 0
github.com/Ethernal-Tech/ucl-block-explorer-syncer/api_storage/validator_metadata.go:51.2,52.16 2 0
github.com/Ethernal-Tech/ucl-block-explorer-syncer/api_storage/validator_metadata.go:52.16,54.3 1 0
github.com/Ethernal-Tech/ucl-block-explorer-syncer/api_storage/validator_metadata.go:56.2,57.15 2 0
github.com/Ethernal-Tech/ucl-block-explorer-syncer/api_storage/validator_metadata.go:57.15,59.3 1 0
github.com/Ethernal-Tech/ucl-block-explorer-syncer/api_storage/validator_metadata.go:61.2,61.12 1 0
github.com/Ethernal-Tech/ucl-block-explorer-syncer/api_storage/validator_metadata.go:64.73,66.17 2 0
github.com/Ethernal-Tech/ucl-block-explorer-syncer/api_storage/validator_metadata.go:66.17,73.3 2 0
github.com/Ethernal-Tech/ucl-block-explorer-syncer/api_storage/validator_metadata.go:75.2,81.16 2 0
github.com/Ethernal-Tech/ucl-block-explorer-syncer/api_storage/validator_metadata.go:81.16,86.3 1 0
github.com/Ethernal-Tech/ucl-block-explorer-syncer/api_storage/validator_metadata.go:88.2,92.18 3 0
github.com/Ethernal-Tech/ucl-block-explorer-syncer/api_storage/validator_metadata.go:92.18,95.97 2 0
github.com/Ethernal-Tech/ucl-block-explorer-syncer/api_storage/validator_metadata.go:95.97,100.4 1 0
github.com/Ethernal-Tech/ucl-block-explorer-syncer/api_storage/validator_metadata.go:102.3,102.25 1 0
github.com/Ethernal-Tech/ucl-block-explorer-syncer/api_storage/validator_metadata.go:105.2,105.35 1 0
github.com/Ethernal-Tech/ucl-block-explorer-syncer/api_storage/validator_metadata.go:105.35,110.3 1 0
github.com/Ethernal-Tech/ucl-block-explorer-syncer/api_storage/validator_metadata.go:112.2,116.8 1 0
github.com/Ethernal-Tech/ucl-block-explorer-syncer/api_storage/validator_utilization.go:44.104,49.17 4 0
github.com/Ethernal-Tech/ucl-block-explorer-syncer/api_storage/validator_utilization.go:49.17,56.3 2 0
github.com/Ethernal-Tech/ucl-block-explorer-syncer/api_storage/validator_utilization.go:58.2,62.11 3 0
github.com/Ethernal-Tech/ucl-block-explorer-syncer/api_storage/validator_utilization.go:63.16,64.81 1 0
github.com/Ethernal-Tech/ucl-block-explorer-syncer/api_storage/validator_utilization.go:65.17,66.82 1 0
github.com/Ethernal-Tech/ucl-block-explorer-syncer/api_storage/validator_utilization.go:67.10,68.80 1 0
github.com/Ethernal-Tech/ucl-block-explorer-syncer/api_storage/validator_utilization.go:71.2,72.16 2 0
github.com/Ethernal-Tech/ucl-block-explorer-syncer/api_storage/validator_utilization.go:72.16,74.3 1 0
github.com/Ethernal-Tech/ucl-block-explorer-syncer/api_storage/validator_utilization.go:77.2,77.19 1 0
github.com/Ethernal-Tech/ucl-block-explorer-syncer/api_storage/validator_utilization.go:77.19,78.20 1 0
github.com/Ethernal-Tech/ucl-block-explorer-syncer/api_storage/validator_utilization.go:78.20,80.4 1 0
github.com/Ethernal-Tech/ucl-block-explorer-syncer/api_storage/validator_utilization.go:82.3,82.33 1 0
github.com/Ethernal-Tech/ucl-block-explorer-syncer/api_storage/validator_utilization.go:85.2,85.19 1 0
github.com/Ethernal-Tech/ucl-block-explorer-syncer/api_storage/validator_utilization.go:85.19,87.3 1 0
github.com/Ethernal-Tech/ucl-block-explorer-syncer/api_storage/validator_utilization.go:90.2,92.11 2 0
github.com/Ethernal-Tech/ucl-block-explorer-syncer/api_storage/validator_utilization.go:93.16,94.15 1 0
github.com/Ethernal-Tech/ucl-block-explorer-syncer/api_storage/validator_utilization.go:95.17,96.16 1 0
github.com/Ethernal-Tech/ucl-block-explorer-syncer/api_storage/validator_utilization.go:97.10,98.15 1 0
github.com/Ethernal-Tech/ucl-block-explorer-syncer/api_storage/validator_utilization.go:101.2,102.20 2 0
github.com/Ethernal-Tech/ucl-block-explorer-syncer/api_storage/validator_utilization.go:102.20,107.3 1 0
github.com/Ethernal-Tech/ucl-block-explorer-syncer/api_storage/validator_utilization.go:110.2,114.25 4 0
github.com/Ethernal-Tech/ucl-block-explorer-syncer/api_storage/validator_utilization.go:114.25,116.17 2 0
github.com/Ethernal-Tech/ucl-block-explorer-syncer/api_storage/validator_utilization.go:116.17,121.4 1 0
github.com/Ethernal-Tech/ucl-block-explorer-syncer/api_storage/validator_utilization.go:123.3,127.11 3 0
github.com/Ethernal-Tech/ucl-block-explorer-syncer/api_storage/validator_utilization.go:130.2,159.16 8 0
github.com/Ethernal-Tech/ucl-block-explorer-syncer/api_storage/validator_utilization.go:159.16,164.3 1 0
github.com/Ethernal-Tech/ucl-block-explorer-syncer/api_storage/validator_utilization.go:166.2,170.18 3 0
github.com/Ethernal-Tech/ucl-block-explorer-syncer/api_storage/validator_utilization.go:170.18,176.70 3 0
github.com/Ethernal-Tech/ucl-block-explorer-syncer/api_storage/validator_utilization.go:176.70,181.4 1 0
github.com/Ethernal-Tech/ucl-block-explorer-syncer/api_storage/validator_utilization.go:183.3,183.12 1 0
github.com/Ethernal-Tech/ucl-block-explorer-syncer/api_storage/validator_utilization.go:184.17,185.51 1 0
github.com/Ethernal-Tech/ucl-block-explorer-syncer/api_storage/validator_utilization.go:186.18,187.48 1 0
github.com/Ethernal-Tech/ucl-block-explorer-syncer/api_storage/validator_utilization.go:188.11,189.51 1 0
github.com/Ethernal-Tech/ucl-block-explorer-syncer/api_storage/validator_utilization.go:192.3,192.25 1 0
github.com/Ethernal-Tech/ucl-block-explorer-syncer/api_storage/validator_utilization.go:195.2,195.35 1 0
github.com/Ethernal-Tech/ucl-block-explorer-syncer/api_storage/validator_utilization.go:195.35,200.3 1 0
github.com/Ethernal-Tech/ucl-block-explorer-syncer/api_storage/validator_utilization.go:202.2,205.25 3 0
github.com/Ethernal-Tech/ucl-block-explorer-syncer/api_storage/validator_utilization.go:205.25,216.3 1 0
github.com/Ethernal-Tech/ucl-block-explorer-syncer/api_storage/validator_utilization.go:218.2,219.21 2 0
github.com/Ethernal-Tech/ucl-block-explorer-syncer/api_storage/validator_utilization.go:219.21,221.3 1 0
github.com/Ethernal-Tech/ucl-block-explorer-syncer/api_storage/validator_utilization.go:223.2,232.8 1 0
github.com/Ethernal-Tech/ucl-block-explorer-syncer/common/helper.go:10.52,12.16 2 0
github.com/Ethernal-Tech/ucl-block-explorer-syncer/common/helper.go:12.16,14.3 1 0
github.com/Ethernal-Tech/ucl-block-explorer-syncer/common/helper.go:16.2,16.31 1 0
github.com/Ethernal-Tech/ucl-block-explorer-syncer/common/helper.go:16.31,18.3 1 0
github.com/Ethernal-Tech/ucl-block-explorer-syncer/common/helper.go:20.2,20.42 1 0
github.com/Ethernal-Tech/ucl-block-explorer-syncer/esg_aggregation_backend/esg_aggregation_backend.go:29.109,34.2 1 0
github.com/Ethernal-Tech/ucl-block-explorer-syncer/esg_aggregation_backend/esg_aggregation_backend.go:38.37,42.16 3 0
github.com/Ethernal-Tech/ucl-block-explorer-syncer/esg_aggregation_backend/esg_aggregation_backend.go:42.16,44.3 1 0
github.com/Ethernal-Tech/ucl-block-explorer-syncer/esg_aggregation_backend/esg_aggregation_backend.go:46.2,53.18 5 0
github.com/Ethernal-Tech/ucl-block-explorer-syncer/esg_aggregation_backend/esg_aggregation_backend.go:53.18,56.3 2 0
github.com/Ethernal-Tech/ucl-block-explorer-syncer/esg_aggregation_backend/esg_aggregation_backend.go:56.8,59.3 1 0
github.com/Ethernal-Tech/ucl-block-explorer-syncer/esg_aggregation_backend/esg_aggregation_backend.go:61.2,62.16 2 0
github.com/Ethernal-Tech/ucl-block-explorer-syncer/esg_aggregation_backend/esg_aggregation_backend.go:62.16,64.3 1 0
github.com/Ethernal-Tech/ucl-block-explorer-syncer/esg_aggregation_backend/esg_aggregation_backend.go:66.2,69.16 3 0
github.com/Ethernal-Tech/ucl-block-explorer-syncer/esg_aggregation_backend/esg_aggregation_backend.go:69.16,71.3 1 0
github.com/Ethernal-Tech/ucl-block-explorer-syncer/esg_aggregation_backend/esg_aggregation_backend.go:73.2,73.25 1 0
github.com/Ethernal-Tech/ucl-block-explorer-syncer/esg_aggregation_backend/esg_aggregation_backend.go:76.59,82.16 3 0
github.com/Ethernal-Tech/ucl-block-explorer-syncer/esg_aggregation_backend/esg_aggregation_backend.go:82.16,83.27 1 0
github.com/Ethernal-Tech/ucl-block-explorer-syncer/esg_aggregation_backend/esg_aggregation_backend.go:83.27,85.4 1 0
github.com/Ethernal-Tech/ucl-block-explorer-syncer/esg_aggregation_backend/esg_aggregation_backend.go:87.3,87.74 1 0
github.com/Ethernal-Tech/ucl-block-explorer-syncer/esg_aggregation_backend/esg_aggregation_backend.go:90.2,90.14 1 0
github.com/Ethernal-Tech/ucl-block-explorer-syncer/esg_aggregation_backend/esg_aggregation_backend.go:90.14,92.3 1 0
github.com/Ethernal-Tech/ucl-block-explorer-syncer/esg_aggregation_backend/esg_aggregation_backend.go:94.2,94.35 1 0
github.com/Ethernal-Tech/ucl-block-explorer-syncer/esg_aggregation_backend/esg_aggregation_backend.go:99.9,100.57 1 0
github.com/Ethernal-Tech/ucl-block-explorer-syncer/esg_aggregation_backend/esg_aggregation_backend.go:100.57,102.3 1 0
github.com/Ethernal-Tech/ucl-block-explorer-syncer/esg_aggregation_backend/esg_aggregation_backend.go:104.2,104.82 1 0
github.com/Ethernal-Tech/ucl-block-explorer-syncer/esg_aggregation_backend/esg_aggregation_backend.go:104.82,105.41 1 0
github.com/Ethernal-Tech/ucl-block-explorer-syncer/esg_aggregation_backend/esg_aggregation_backend.go:105.41,106.22 1 0
github.com/Ethernal-Tech/ucl-block-explorer-syncer/esg_aggregation_backend/esg_aggregation_backend.go:106.22,108.5 1 0
github.com/Ethernal-Tech/ucl-block-explorer-syncer/esg_aggregation_backend/esg_aggregation_backend.go:110.4,110.19 1 0
github.com/Ethernal-Tech/ucl-block-explorer-syncer/esg_aggregation_backend/esg_aggregation_backend.go:113.3,113.11 1 0
github.com/Ethernal-Tech/ucl-block-explorer-syncer/esg_aggregation_backend/esg_aggregation_backend.go:116.2,119.35 2 0
github.com/Ethernal-Tech/ucl-block-explorer-syncer/esg_aggregation_backend/esg_aggregation_backend.go:119.35,123.92 2 0
github.com/Ethernal-Tech/ucl-block-explorer-syncer/esg_aggregation_backend/esg_aggregation_backend.go:123.92,124.12 1 0
github.com/Ethernal-Tech/ucl-block-explorer-syncer/esg_aggregation_backend/esg_aggregation_backend.go:127.3,135.4 5 0
github.com/Ethernal-Tech/ucl-block-explorer-syncer/esg_aggregation_backend/esg_aggregation_backend.go:139.2,140.16 2 0
github.com/Ethernal-Tech/ucl-block-explorer-syncer/esg_aggregation_backend/esg_aggregation_backend.go:140.16,142.3 1 0
github.com/Ethernal-Tech/ucl-block-explorer-syncer/esg_aggregation_backend/esg_aggregation_backend.go:144.2,146.33 2 0
github.com/Ethernal-Tech/ucl-block-explorer-syncer/esg_aggregation_backend/esg_aggregation_backend.go:146.33,156.17 3 0
github.com/Ethernal-Tech/ucl-block-explorer-syncer/esg_aggregation_backend/esg_aggregation_backend.go:156.17,158.4 1 0
github.com/Ethernal-Tech/ucl-block-explorer-syncer/esg_aggregation_backend/esg_aggregation_backend.go:162.2,162.35 1 0
github.com/Ethernal-Tech/ucl-block-explorer-syncer/esg_aggregation_backend/esg_aggregation_backend.go:162.35,164.3 1 0
github.com/Ethernal-Tech/ucl-block-explorer-syncer/esg_aggregation_backend/esg_aggregation_backend.go:166.2,166.12 1 0
github.com/Ethernal-Tech/ucl-block-explorer-syncer/esg_aggregation_backend/esg_aggregation_backend.go:173.56,176.66 2 0
github.com/Ethernal-Tech/ucl-block-explorer-syncer/esg_aggregation_backend/esg_aggregation_backend.go:176.66,178.22 2 0
github.com/Ethernal-Tech/ucl-block-explorer-syncer/esg_aggregation_backend/esg_aggregation_backend.go:178.22,181.4 1 0
github.com/Ethernal-Tech/ucl-block-explorer-syncer/esg_aggregation_backend/esg_aggregation_backend.go:183.3,184.70 1 0
github.com/Ethernal-Tech/ucl-block-explorer-syncer/esg_aggregation_backend/esg_aggregation_backend.go:188.2,189.16 2 0
github.com/Ethernal-Tech/ucl-block-explorer-syncer/esg_aggregation_backend/esg_aggregation_backend.go:189.16,191.3 1 0
github.com/Ethernal-Tech/ucl-block-explorer-syncer/esg_aggregation_backend/esg_aggregation_backend.go:194.2,202.6 4 0
github.com/Ethernal-Tech/ucl-block-explorer-syncer/esg_aggregation_backend/esg_aggregation_backend.go:202.6,218.17 3 0
github.com/Ethernal-Tech/ucl-block-explorer-syncer/esg_aggregation_backend/esg_aggregation_backend.go:218.17,220.4 1 0
github.com/Ethernal-Tech/ucl-block-explorer-syncer/esg_aggregation_backend/esg_aggregation_backend.go:222.3,224.36 2 0
github.com/Ethernal-Tech/ucl-block-explorer-syncer/esg_aggregation_backend/esg_aggregation_backend.go:224.36,225.9 1 0
github.com/Ethernal-Tech/ucl-block-explorer-syncer/esg_aggregation_backend/esg_aggregation_backend.go:228.3,228.37 1 0
github.com/Ethernal-Tech/ucl-block-explorer-syncer/esg_aggregation_backend/esg_aggregation_backend.go:231.2,231.20 1 0
github.com/Ethernal-Tech/ucl-block-explorer-syncer/explorer/handlers.go:15.30,17.44 1 0
github.com/Ethernal-Tech/ucl-block-explorer-syncer/explorer/handlers.go:17.44,19.4 1 0
github.com/Ethernal-Tech/ucl-block-explorer-syncer/explorer/handlers.go:23.53,24.21 1 0
github.com/Ethernal-Tech/ucl-block-explorer-syncer/explorer/handlers.go:24.21,26.3 1 0
github.com/Ethernal-Tech/ucl-block-explorer-syncer/explorer/handlers.go:30.89,31.16 1 0
github.com/Ethernal-Tech/ucl-block-explorer-syncer/explorer/handlers.go:31.16,36.3 1 0
github.com/Ethernal-Tech/ucl-block-explorer-syncer/explorer/handlers.go:38.2,39.16 2 0
github.com/Ethernal-Tech/ucl-block-explorer-syncer/explorer/handlers.go:39.16,43.3 2 0
github.com/Ethernal-Tech/ucl-block-explorer-syncer/explorer/handlers.go:45.2,45.22 1 0
github.com/Ethernal-Tech/ucl-block-explorer-syncer/explorer/handlers.go:49.93,50.41 1 0
github.com/Ethernal-Tech/ucl-block-explorer-syncer/explorer/handlers.go:50.41,55.3 1 0
github.com/Ethernal-Tech/ucl-block-explorer-syncer/explorer/handlers.go:57.2,58.16 2 0
github.com/Ethernal-Tech/ucl-block-explorer-syncer/explorer/handlers.go:58.16,62.3 2 0
github.com/Ethernal-Tech/ucl-block-explorer-syncer/explorer/handlers.go:64.2,64.22 1 0
github.com/Ethernal-Tech/ucl-block-explorer-syncer/explorer/handlers.go:68.87,69.16 1 0
github.com/Ethernal-Tech/ucl-block-explorer-syncer/explorer/handlers.go:69.16,73.3 1 0
github.com/Ethernal-Tech/ucl-block-explorer-syncer/explorer/handlers.go:75.2,75.73 1 0
github.com/Ethernal-Tech/ucl-block-explorer-syncer/explorer/handlers.go:75.73,77.3 1 0
github.com/Ethernal-Tech/ucl-block-explorer-syncer/explorer/handlers.go:79.2,80.16 2 0
github.com/Ethernal-Tech/ucl-block-explorer-syncer/explorer/handlers.go:80.16,84.3 2 0
github.com/Ethernal-Tech/ucl-block-explorer-syncer/explorer/handlers.go:86.2,86.22 1 0
github.com/Ethernal-Tech/ucl-block-explorer-syncer/explorer/handlers.go:90.101,91.16 1 0
github.com/Ethernal-Tech/ucl-block-explorer-syncer/explorer/handlers.go:91.16,96.3 1 0
github.com/Ethernal-Tech/ucl-block-explorer-syncer/explorer/handlers.go:98.2,99.16 2 0
github.com/Ethernal-Tech/ucl-block-explorer-syncer/explorer/handlers.go:99.16,103.3 2 0
github.com/Ethernal-Tech/ucl-block-explorer-syncer/explorer/handlers.go:105.2,105.22 1 0
github.com/Ethernal-Tech/ucl-block-explorer-syncer/explorer/handlers.go:109.75,110.16 1 0
github.com/Ethernal-Tech/ucl-block-explorer-syncer/explorer/handlers.go:110.16,115.3 1 0
github.com/Ethernal-Tech/ucl-block-explorer-syncer/explorer/handlers.go:117.2,118.16 2 0
github.com/Ethernal-Tech/ucl-block-explorer-syncer/explorer/handlers.go:118.16,122.3 2 0
github.com/Ethernal-Tech/ucl-block-explorer-syncer/explorer/handlers.go:124.2,124.59 1 0
github.com/Ethernal-Tech/ucl-block-explorer-syncer/explorer/handlers.go:124.59,126.3 1 0
github.com/Ethernal-Tech/ucl-block-explorer-syncer/explorer/handlers.go:128.2,128.17 1 0
github.com/Ethernal-Tech/ucl-block-explorer-syncer/explorer/handlers.go:132.86,133.23 1 0
github.com/Ethernal-Tech/ucl-block-explorer-syncer/explorer/handlers.go:133.23,138.3 1 0
github.com/Ethernal-Tech/ucl-block-explorer-syncer/explorer/handlers.go:140.2,145.16 3 0
github.com/Ethernal-Tech/ucl-block-explorer-syncer/explorer/handlers.go:145.16,149.3 2 0
github.com/Ethernal-Tech/ucl-block-explorer-syncer/explorer/handlers.go:151.2,151.28 1 0
github.com/Ethernal-Tech/ucl-block-explorer-syncer/explorer/handlers.go:151.28,156.3 1 0
github.com/Ethernal-Tech/ucl-block-explorer-syncer/explorer/handlers.go:158.2,158.22 1 0
github.com/Ethernal-Tech/ucl-block-explorer-syncer/explorer/handlers.go:162.101,163.16 1 0
github.com/Ethernal-Tech/ucl-block-explorer-syncer/explorer/handlers.go:163.16,168.3 1 0
github.com/Ethernal-Tech/ucl-block-explorer-syncer/explorer/handlers.go:170.2,171.16 2 0
github.com/Ethernal-Tech/ucl-block-explorer-syncer/explorer/handlers.go:171.16,175.3 2 0
github.com/Ethernal-Tech/ucl-block-explorer-syncer/explorer/handlers.go:177.2,177.22 1 0
github.com/Ethernal-Tech/ucl-block-explorer-syncer/explorer/handlers.go:185.9,186.16 1 0
github.com/Ethernal-Tech/ucl-block-explorer-syncer/explorer/handlers.go:186.16,191.3 1 0
github.com/Ethernal-Tech/ucl-block-explorer-syncer/explorer/handlers.go:193.2,194.16 2 0
github.com/Ethernal-Tech/ucl-block-explorer-syncer/explorer/handlers.go:194.16,198.3 2 0
github.com/Ethernal-Tech/ucl-block-explorer-syncer/explorer/handlers.go:200.2,200.22 1 0
github.com/Ethernal-Tech/ucl-block-explorer-syncer/explorer/handlers.go:204.109,205.16 1 0
github.com/Ethernal-Tech/ucl-block-explorer-syncer/explorer/handlers.go:205.16,210.3 1 0
github.com/Ethernal-Tech/ucl-block-explorer-syncer/explorer/handlers.go:212.2,213.16 2 0
github.com/Ethernal-Tech/ucl-block-explorer-syncer/explorer/handlers.go:213.16,217.3 2 0
github.com/Ethernal-Tech/ucl-block-explorer-syncer/explorer/handlers.go:219.2,219.22 1 0
github.com/Ethernal-Tech/ucl-block-explorer-syncer/explorer/handlers.go:223.113,224.16 1 0
github.com/Ethernal-Tech/ucl-block-explorer-syncer/explorer/handlers.go:224.16,229.3 1 0
github.com/Ethernal-Tech/ucl-block-explorer-syncer/explorer/handlers.go:231.2,232.16 2 0
github.com/Ethernal-Tech/ucl-block-explorer-syncer/explorer/handlers.go:232.16,236.3 2 0
github.com/Ethernal-Tech/ucl-block-explorer-syncer/explorer/handlers.go:238.2,238.22 1 0
github.com/Ethernal-Tech/ucl-block-explorer-syncer/explorer/handlers.go:242.61,244.16 2 0
github.com/Ethernal-Tech/ucl-block-explorer-syncer/explorer/handlers.go:244.16,248.3 2 0
github.com/Ethernal-Tech/ucl-block-explorer-syncer/explorer/handlers.go:250.2,250.22 1 0
github.com/Ethernal-Tech/ucl-block-explorer-syncer/explorer/handlers.go:254.111,255.16 1 0
github.com/Ethernal-Tech/ucl-block-explorer-syncer/explorer/handlers.go:255.16,260.3 1 0
github.com/Ethernal-Tech/ucl-block-explorer-syncer/explorer/handlers.go:262.2,263.16 2 0
github.com/Ethernal-Tech/ucl-block-explorer-syncer/explorer/handlers.go:263.16,267.3 2 0
github.com/Ethernal-Tech/ucl-block-explorer-syncer/explorer/handlers.go:269.2,269.22 1 0
github.com/Ethernal-Tech/ucl-block-explorer-syncer/explorer/handlers.go:273.64,275.16 2 0
github.com/Ethernal-Tech/ucl-block-explorer-syncer/explorer/handlers.go:275.16,279.3 2 0
github.com/Ethernal-Tech/ucl-block-explorer-syncer/explorer/handlers.go:281.2,281.22 1 0
github.com/Ethernal-Tech/ucl-block-explorer-syncer/explorer/handlers.go:284.59,286.16 2 0
github.com/Ethernal-Tech/ucl-block-explorer-syncer/explorer/handlers.go:286.16,290.3 2 0
github.com/Ethernal-Tech/ucl-block-explorer-syncer/explorer/handlers.go:292.2,292.22 1 0
github.com/Ethernal-Tech/ucl-block-explorer-syncer/eoa_activity_backend/eoa_activity_backend.go:18.64,20.2 1 0
github.com/Ethernal-Tech/ucl-block-explorer-syncer/eoa_activity_backend/eoa_activity_backend.go:22.73,28.35 3 0
github.com/Ethernal-Tech/ucl-block-explorer-syncer/eoa_activity_backend/eoa_activity_backend.go:28.35,30.3 1 0
github.com/Ethernal-Tech/ucl-block-explorer-syncer/eoa_activity_backend/eoa_activity_backend.go:32.2,32.16 1 0
github.com/Ethernal-Tech/ucl-block-explorer-syncer/eoa_activity_backend/eoa_activity_backend.go:32.16,34.3 1 0
github.com/Ethernal-Tech/ucl-block-explorer-syncer/eoa_activity_backend/eoa_activity_backend.go:36.2,37.16 2 0
github.com/Ethernal-Tech/ucl-block-explorer-syncer/eoa_activity_backend/eoa_activity_backend.go:37.16,39.3 1 0
github.com/Ethernal-Tech/ucl-block-explorer-syncer/eoa_activity_backend/eoa_activity_backend.go:41.2,41.20 1 0
github.com/Ethernal-Tech/ucl-block-explorer-syncer/eoa_activity_backend/eoa_activity_backend.go:44.105,50.35 3 0
github.com/Ethernal-Tech/ucl-block-explorer-syncer/eoa_activity_backend/eoa_activity_backend.go:50.35,52.3 1 0
github.com/Ethernal-Tech/ucl-block-explorer-syncer/eoa_activity_backend/eoa_activity_backend.go:54.2,54.16 1 0
github.com/Ethernal-Tech/ucl-block-explorer-syncer/eoa_activity_backend/eoa_activity_backend.go:54.16,56.3 1 0
github.com/Ethernal-Tech/ucl-block-explorer-syncer/eoa_activity_backend/eoa_activity_backend.go:58.2,59.16 2 0
github.com/Ethernal-Tech/ucl-block-explorer-syncer/eoa_activity_backend/eoa_activity_backend.go:59.16,61.3 1 0
github.com/Ethernal-Tech/ucl-block-explorer-syncer/eoa_activity_backend/eoa_activity_backend.go:63.2,63.30 1 0
github.com/Ethernal-Tech/ucl-block-explorer-syncer/eoa_activity_backend/eoa_activity_backend.go:63.30,65.3 1 0
github.com/Ethernal-Tech/ucl-block-explorer-syncer/eoa_activity_backend/eoa_activity_backend.go:67.2,72.16 2 0
github.com/Ethernal-Tech/ucl-block-explorer-syncer/eoa_activity_backend/eoa_activity_backend.go:72.16,74.3 1 0
github.com/Ethernal-Tech/ucl-block-explorer-syncer/eoa_activity_backend/eoa_activity_backend.go:76.2,80.18 3 0
github.com/Ethernal-Tech/ucl-block-explorer-syncer/eoa_activity_backend/eoa_activity_backend.go:80.18,83.51 2 0
github.com/Ethernal-Tech/ucl-block-explorer-syncer/eoa_activity_backend/eoa_activity_backend.go:83.51,85.4 1 0
github.com/Ethernal-Tech/ucl-block-explorer-syncer/eoa_activity_backend/eoa_activity_backend.go:87.3,87.41 1 0
github.com/Ethernal-Tech/ucl-block-explorer-syncer/eoa_activity_backend/eoa_activity_backend.go:90.2,90.26 1 0
github.com/Ethernal-Tech/ucl-block-explorer-syncer/eoa_activity_backend/eoa_activity_backend.go:93.86,94.25 1 0
github.com/Ethernal-Tech/ucl-block-explorer-syncer/eoa_activity_backend/eoa_activity_backend.go:94.25,96.3 1 0
github.com/Ethernal-Tech/ucl-block-explorer-syncer/eoa_activity_backend/eoa_activity_backend.go:98.2,102.16 2 0
github.com/Ethernal-Tech/ucl-block-explorer-syncer/eoa_activity_backend/eoa_activity_backend.go:102.16,104.3 1 0
github.com/Ethernal-Tech/ucl-block-explorer-syncer/eoa_activity_backend/eoa_activity_backend.go:106.2,110.18 3 0
github.com/Ethernal-Tech/ucl-block-explorer-syncer/eoa_activity_backend/eoa_activity_backend.go:110.18,112.42 2 0
github.com/Ethernal-Tech/ucl-block-explorer-syncer/eoa_activity_backend/eoa_activity_backend.go:112.42,114.4 1 0
github.com/Ethernal-Tech/ucl-block-explorer-syncer/eoa_activity_backend/eoa_activity_backend.go:116.3,116.30 1 0
github.com/Ethernal-Tech/ucl-block-explorer-syncer/eoa_activity_backend/eoa_activity_backend.go:119.2,119.19 1 0
github.com/Ethernal-Tech/ucl-block-explorer-syncer/eoa_activity_backend/eoa_activity_backend.go:122.93,128.16 3 0
github.com/Ethernal-Tech/ucl-block-explorer-syncer/eoa_activity_backend/eoa_activity_backend.go:128.16,130.3 1 0
github.com/Ethernal-Tech/ucl-block-explorer-syncer/eoa_activity_backend/eoa_activity_backend.go:132.2,135.16 3 0
github.com/Ethernal-Tech/ucl-block-explorer-syncer/eoa_activity_backend/eoa_activity_backend.go:135.16,137.3 1 0
github.com/Ethernal-Tech/ucl-block-explorer-syncer/eoa_activity_backend/eoa_activity_backend.go:139.2,141.33 2 0
github.com/Ethernal-Tech/ucl-block-explorer-syncer/eoa_activity_backend/eoa_activity_backend.go:141.33,147.17 2 0
github.com/Ethernal-Tech/ucl-block-explorer-syncer/eoa_activity_backend/eoa_activity_backend.go:147.17,149.4 1 0
github.com/Ethernal-Tech/ucl-block-explorer-syncer/eoa_activity_backend/eoa_activity_backend.go:152.2,156.16 2 0
github.com/Ethernal-Tech/ucl-block-explorer-syncer/eoa_activity_backend/eoa_activity_backend.go:156.16,158.3 1 0
github.com/Ethernal-Tech/ucl-block-explorer-syncer/eoa_activity_backend/eoa_activity_backend.go:160.2,160.20 1 0
github.com/Ethernal-Tech/ucl-block-explorer-syncer/erc20_backend/erc20_backend.go:19.52,21.2 1 0
github.com/Ethernal-Tech/ucl-block-explorer-syncer/erc20_backend/erc20_backend.go:23.70,28.16 2 0
github.com/Ethernal-Tech/ucl-block-explorer-syncer/erc20_backend/erc20_backend.go:28.16,30.3 1 0
github.com/Ethernal-Tech/ucl-block-explorer-syncer/erc20_backend/erc20_backend.go:32.2,36.18 3 0
github.com/Ethernal-Tech/ucl-block-explorer-syncer/erc20_backend/erc20_backend.go:36.18,46.17 2 0
github.com/Ethernal-Tech/ucl-block-explorer-syncer/erc20_backend/erc20_backend.go:46.17,48.4 1 0
github.com/Ethernal-Tech/ucl-block-explorer-syncer/erc20_backend/erc20_backend.go:50.3,50.29 1 0
github.com/Ethernal-Tech/ucl-block-explorer-syncer/erc20_backend/erc20_backend.go:53.2,53.20 1 0
github.com/Ethernal-Tech/ucl-block-explorer-syncer/erc20_backend/erc20_backend.go:56.51,62.35 3 0
github.com/Ethernal-Tech/ucl-block-explorer-syncer/erc20_backend/erc20_backend.go:62.35,64.3 1 0
github.com/Ethernal-Tech/ucl-block-explorer-syncer/erc20_backend/erc20_backend.go:66.2,66.16 1 0
github.com/Ethernal-Tech/ucl-block-explorer-syncer/erc20_backend/erc20_backend.go:66.16,68.3 1 0
github.com/Ethernal-Tech/ucl-block-explorer-syncer/erc20_backend/erc20_backend.go:70.2,71.16 2 0
github.com/Ethernal-Tech/ucl-block-explorer-syncer/erc20_backend/erc20_backend.go:71.16,73.3 1 0
github.com/Ethernal-Tech/ucl-block-explorer-syncer/erc20_backend/erc20_backend.go:75.2,75.17 1 0
github.com/Ethernal-Tech/ucl-block-explorer-syncer/erc20_backend/erc20_backend.go:78.72,89.26 3 0
github.com/Ethernal-Tech/ucl-block-explorer-syncer/erc20_backend/erc20_backend.go:89.26,91.3 1 0
github.com/Ethernal-Tech/ucl-block-explorer-syncer/erc20_backend/erc20_backend.go:93.2,93.16 1 0
github.com/Ethernal-Tech/ucl-block-explorer-syncer/erc20_backend/erc20_backend.go:93.16,95.3 1 0
github.com/Ethernal-Tech/ucl-block-explorer-syncer/erc20_backend/erc20_backend.go:97.2,97.19 1 0
github.com/Ethernal-Tech/ucl-block-explorer-syncer/erc20_backend/erc20_backend.go:100.114,108.16 2 0
github.com/Ethernal-Tech/ucl-block-explorer-syncer/erc20_backend/erc20_backend.go:108.16,110.3 1 0
github.com/Ethernal-Tech/ucl-block-explorer-syncer/erc20_backend/erc20_backend.go:112.2,116.18 3 0
github.com/Ethernal-Tech/ucl-block-explorer-syncer/erc20_backend/erc20_backend.go:116.18,128.17 3 0
github.com/Ethernal-Tech/ucl-block-explorer-syncer/erc20_backend/erc20_backend.go:128.17,130.4 1 0
github.com/Ethernal-Tech/ucl-block-explorer-syncer/erc20_backend/erc20_backend.go:132.3,133.25 2 0
github.com/Ethernal-Tech/ucl-block-explorer-syncer/erc20_backend/erc20_backend.go:136.2,136.18 1 0
github.com/Ethernal-Tech/ucl-block-explorer-syncer/erc20_backend/erc20_backend.go:145.9,147.16 2 0
github.com/Ethernal-Tech/ucl-block-explorer-syncer/erc20_backend/erc20_backend.go:147.16,149.3 1 0
github.com/Ethernal-Tech/ucl-block-explorer-syncer/erc20_backend/erc20_backend.go:151.2,198.16 3 0
github.com/Ethernal-Tech/ucl-block-explorer-syncer/erc20_backend/erc20_backend.go:198.16,200.3 1 0
github.com/Ethernal-Tech/ucl-block-explorer-syncer/erc20_backend/erc20_backend.go:202.2,207.16 2 0
github.com/Ethernal-Tech/ucl-block-explorer-syncer/erc20_backend/erc20_backend.go:207.16,209.3 1 0
github.com/Ethernal-Tech/ucl-block-explorer-syncer/erc20_backend/erc20_backend.go:211.2,211.20 1 0
github.com/Ethernal-Tech/ucl-block-explorer-syncer/main.go:5.13,7.2 1 0
github.com/Ethernal-Tech/ucl-block-explorer-syncer/cli/api.go:47.13,65.2 9 0
github.com/Ethernal-Tech/ucl-block-explorer-syncer/cli/api.go:67.54,69.16 2 0
github.com/Ethernal-Tech/ucl-block-explorer-syncer/cli/api.go:69.16,71.3 1 0
github.com/Ethernal-Tech/ucl-block-explorer-syncer/cli/api.go:73.2,75.34 2 0
github.com/Ethernal-Tech/ucl-block-explorer-syncer/cli/api.go:75.34,77.3 1 0
github.com/Ethernal-Tech/ucl-block-explorer-syncer/cli/api.go:79.2,82.16 3 0
github.com/Ethernal-Tech/ucl-block-explorer-syncer/cli/api.go:82.16,83.45 1 0
github.com/Ethernal-Tech/ucl-block-explorer-syncer/cli/api.go:83.45,85.4 1 0
github.com/Ethernal-Tech/ucl-block-explorer-syncer/cli/api.go:88.2,89.29 2 0
github.com/Ethernal-Tech/ucl-block-explorer-syncer/cli/api.go:89.29,91.3 1 0
github.com/Ethernal-Tech/ucl-block-explorer-syncer/cli/api.go:93.2,104.54 3 0
github.com/Ethernal-Tech/ucl-block-explorer-syncer/cli/config_gen.go:23.13,31.2 4 0
github.com/Ethernal-Tech/ucl-block-explorer-syncer/cli/config_gen.go:33.60,47.41 3 0
github.com/Ethernal-Tech/ucl-block-explorer-syncer/cli/config_gen.go:47.41,49.3 1 0
github.com/Ethernal-Tech/ucl-block-explorer-syncer/cli/config_gen.go:51.2,53.12 2 0
github.com/Ethernal-Tech/ucl-block-explorer-syncer/cli/root.go:15.13,17.2 1 0
github.com/Ethernal-Tech/ucl-block-explorer-syncer/cli/root.go:20.16,24.42 3 0
github.com/Ethernal-Tech/ucl-block-explorer-syncer/cli/root.go:24.42,26.3 1 0
github.com/Ethernal-Tech/ucl-block-explorer-syncer/cli/syncer.go:52.25,60.2 4 0
github.com/Ethernal-Tech/ucl-block-explorer-syncer/cli/syncer.go:62.25,125.2 18 0
github.com/Ethernal-Tech/ucl-block-explorer-syncer/cli/syncer.go:127.55,129.16 2 0
github.com/Ethernal-Tech/ucl-block-explorer-syncer/cli/syncer.go:129.16,131.3 1 0
github.com/Ethernal-Tech/ucl-block-explorer-syncer/cli/syncer.go:133.2,134.16 2 0
github.com/Ethernal-Tech/ucl-block-explorer-syncer/cli/syncer.go:134.16,136.3 1 0
github.com/Ethernal-Tech/ucl-block-explorer-syncer/cli/syncer.go:138.2,138.34 1 0
github.com/Ethernal-Tech/ucl-block-explorer-syncer/cli/syncer.go:138.34,140.3 1 0
github.com/Ethernal-Tech/ucl-block-explorer-syncer/cli/syncer.go:142.2,143.16 2 0
github.com/Ethernal-Tech/ucl-block-explorer-syncer/cli/syncer.go:143.16,145.3 1 0
github.com/Ethernal-Tech/ucl-block-explorer-syncer/cli/syncer.go:147.2,148.16 2 0
github.com/Ethernal-Tech/ucl-block-explorer-syncer/cli/syncer.go:148.16,150.3 1 0
github.com/Ethernal-Tech/ucl-block-explorer-syncer/cli/syncer.go:152.2,152.25 1 0
github.com/Ethernal-Tech/ucl-block-explorer-syncer/cli/syncer.go:152.25,154.3 1 0
github.com/Ethernal-Tech/ucl-block-explorer-syncer/cli/syncer.go:154.8,156.3 1 0
github.com/Ethernal-Tech/ucl-block-explorer-syncer/cli/syncer.go:158.2,159.16 2 0
github.com/Ethernal-Tech/ucl-block-explorer-syncer/cli/syncer.go:159.16,161.3 1 0
github.com/Ethernal-Tech/ucl-block-explorer-syncer/cli/syncer.go:163.2,163.26 1 0
github.com/Ethernal-Tech/ucl-block-explorer-syncer/cli/syncer.go:163.26,165.3 1 0
github.com/Ethernal-Tech/ucl-block-explorer-syncer/cli/syncer.go:165.8,167.3 1 0
github.com/Ethernal-Tech/ucl-block-explorer-syncer/cli/syncer.go:169.2,179.13 2 0
github.com/Ethernal-Tech/ucl-block-explorer-syncer/cli/syncer.go:179.13,181.3 1 0
github.com/Ethernal-Tech/ucl-block-explorer-syncer/cli/syncer.go:183.2,183.13 1 0
github.com/Ethernal-Tech/ucl-block-explorer-syncer/cli/syncer.go:183.13,185.3 1 0
github.com/Ethernal-Tech/ucl-block-explorer-syncer/cli/syncer.go:187.2,187.16 1 0
github.com/Ethernal-Tech/ucl-block-explorer-syncer/cli/syncer.go:187.16,189.3 1 0
github.com/Ethernal-Tech/ucl-block-explorer-syncer/cli/syncer.go:191.2,191.15 1 0
github.com/Ethernal-Tech/ucl-block-explorer-syncer/cli/syncer.go:191.15,193.3 1 0
github.com/Ethernal-Tech/ucl-block-explorer-syncer/cli/syncer.go:195.2,195.16 1 0
github.com/Ethernal-Tech/ucl-block-explorer-syncer/cli/syncer.go:195.16,202.24 3 0
github.com/Ethernal-Tech/ucl-block-explorer-syncer/cli/syncer.go:202.24,204.4 1 0
github.com/Ethernal-Tech/ucl-block-explorer-syncer/cli/syncer.go:207.2,207.22 1 0
github.com/Ethernal-Tech/ucl-block-explorer-syncer/cli/syncer.go:207.22,211.17 3 0
github.com/Ethernal-Tech/ucl-block-explorer-syncer/cli/syncer.go:211.17,213.4 1 0
github.com/Ethernal-Tech/ucl-block-explorer-syncer/cli/syncer.go:215.3,215.19 1 0
github.com/Ethernal-Tech/ucl-block-explorer-syncer/cli/syncer.go:215.19,217.4 1 0
github.com/Ethernal-Tech/ucl-block-explorer-syncer/cli/syncer.go:219.3,220.70 1 0
github.com/Ethernal-Tech/ucl-block-explorer-syncer/cli/syncer.go:223.2,223.25 1 0
github.com/Ethernal-Tech/ucl-block-explorer-syncer/cli/syncer.go:223.25,225.72 2 0
github.com/Ethernal-Tech/ucl-block-explorer-syncer/cli/syncer.go:225.72,227.4 1 0
github.com/Ethernal-Tech/ucl-block-explorer-syncer/cli/syncer.go:227.9,229.4 1 0
github.com/Ethernal-Tech/ucl-block-explorer-syncer/cli/syncer.go:231.3,234.70 2 0
github.com/Ethernal-Tech/ucl-block-explorer-syncer/cli/syncer.go:237.2,237.67 1 0
github.com/Ethernal-Tech/ucl-block-explorer-syncer/cli/syncer.go:237.67,238.37 1 0
github.com/Ethernal-Tech/ucl-block-explorer-syncer/cli/syncer.go:238.37,240.4 1 0
github.com/Ethernal-Tech/ucl-block-explorer-syncer/cli/syncer.go:241.8,243.3 1 0
github.com/Ethernal-Tech/ucl-block-explorer-syncer/cli/syncer.go:245.2,245.12 1 0
github.com/Ethernal-Tech/ucl-block-explorer-syncer/httpserver/publicapi/api.gen.go:201.94,209.16 4 0
github.com/Ethernal-Tech/ucl-block-explorer-syncer/httpserver/publicapi/api.gen.go:209.16,212.3 2 0
github.com/Ethernal-Tech/ucl-block-explorer-syncer/httpserver/publicapi/api.gen.go:215.2,220.16 3 0
github.com/Ethernal-Tech/ucl-block-explorer-syncer/httpserver/publicapi/api.gen.go:220.16,223.3 2 0
github.com/Ethernal-Tech/ucl-block-explorer-syncer/httpserver/publicapi/api.gen.go:225.2,225.88 1 0
github.com/Ethernal-Tech/ucl-block-explorer-syncer/httpserver/publicapi/api.gen.go:225.88,227.3 1 0
github.com/Ethernal-Tech/ucl-block-explorer-syncer/httpserver/publicapi/api.gen.go:229.2,229.52 1 0
github.com/Ethernal-Tech/ucl-block-explorer-syncer/httpserver/publicapi/api.gen.go:229.52,231.3 1 0
github.com/Ethernal-Tech/ucl-block-explorer-syncer/httpserver/publicapi/api.gen.go:233.2,233.25 1 0
github.com/Ethernal-Tech/ucl-block-explorer-syncer/httpserver/publicapi/api.gen.go:237.86,247.16 4 0
github.com/Ethernal-Tech/ucl-block-explorer-syncer/httpserver/publicapi/api.gen.go:247.16,250.3 2 0
github.com/Ethernal-Tech/ucl-block-explorer-syncer/httpserver/publicapi/api.gen.go:254.2,255.16 2 0
github.com/Ethernal-Tech/ucl-block-explorer-syncer/httpserver/publicapi/api.gen.go:255.16,258.3 2 0
github.com/Ethernal-Tech/ucl-block-explorer-syncer/httpserver/publicapi/api.gen.go:262.2,263.16 2 0
github.com/Ethernal-Tech/ucl-block-explorer-syncer/httpserver/publicapi/api.gen.go:263.16,266.3 2 0
github.com/Ethernal-Tech/ucl-block-explorer-syncer/httpserver/publicapi/api.gen.go:270.2,271.16 2 0
github.com/Ethernal-Tech/ucl-block-explorer-syncer/httpserver/publicapi/api.gen.go:271.16,274.3 2 0
github.com/Ethernal-Tech/ucl-block-explorer-syncer/httpserver/publicapi/api.gen.go:276.2,276.88 1 0
github.com/Ethernal-Tech/ucl-block-explorer-syncer/httpserver/publicapi/api.gen.go:276.88,278.3 1 0
github.com/Ethernal-Tech/ucl-block-explorer-syncer/httpserver/publicapi/api.gen.go:280.2,280.52 1 0
github.com/Ethernal-Tech/ucl-block-explorer-syncer/httpserver/publicapi/api.gen.go:280.52,282.3 1 0
github.com/Ethernal-Tech/ucl-block-explorer-syncer/httpserver/publicapi/api.gen.go:284.2,284.25 1 0
github.com/Ethernal-Tech/ucl-block-explorer-syncer/httpserver/publicapi/api.gen.go:288.94,296.16 4 0
github.com/Ethernal-Tech/ucl-block-explorer-syncer/httpserver/publicapi/api.gen.go:296.16,299.3 2 0
github.com/Ethernal-Tech/ucl-block-explorer-syncer/httpserver/publicapi/api.gen.go:302.2,307.16 3 0
github.com/Ethernal-Tech/ucl-block-explorer-syncer/httpserver/publicapi/api.gen.go:307.16,310.3 2 0
github.com/Ethernal-Tech/ucl-block-explorer-syncer/httpserver/publicapi/api.gen.go:314.2,315.16 2 0
github.com/Ethernal-Tech/ucl-block-explorer-syncer/httpserver/publicapi/api.gen.go:315.16,318.3 2 0
github.com/Ethernal-Tech/ucl-block-explorer-syncer/httpserver/publicapi/api.gen.go:322.2,323.16 2 0
github.com/Ethernal-Tech/ucl-block-explorer-syncer/httpserver/publicapi/api.gen.go:323.16,326.3 2 0
github.com/Ethernal-Tech/ucl-block-explorer-syncer/httpserver/publicapi/api.gen.go:330.2,331.16 2 0
github.com/Ethernal-Tech/ucl-block-explorer-syncer/httpserver/publicapi/api.gen.go:331.16,334.3 2 0
github.com/Ethernal-Tech/ucl-block-explorer-syncer/httpserver/publicapi/api.gen.go:338.2,339.16 2 0
github.com/Ethernal-Tech/ucl-block-explorer-syncer/httpserver/publicapi/api.gen.go:339.16,342.3 2 0
github.com/Ethernal-Tech/ucl-block-explorer-syncer/httpserver/publicapi/api.gen.go:344.2,344.88 1 0
github.com/Ethernal-Tech/ucl-block-explorer-syncer/httpserver/publicapi/api.gen.go:344.88,346.3 1 0
github.com/Ethernal-Tech/ucl-block-explorer-syncer/httpserver/publicapi/api.gen.go:348.2,348.52 1 0
github.com/Ethernal-Tech/ucl-block-explorer-syncer/httpserver/publicapi/api.gen.go:348.52,350.3 1 0
github.com/Ethernal-Tech/ucl-block-explorer-syncer/httpserver/publicapi/api.gen.go:352.2,352.25 1 0
github.com/Ethernal-Tech/ucl-block-explorer-syncer/httpserver/publicapi/api.gen.go:356.97,364.16 4 0
github.com/Ethernal-Tech/ucl-block-explorer-syncer/httpserver/publicapi/api.gen.go:364.16,367.3 2 0
github.com/Ethernal-Tech/ucl-block-explorer-syncer/httpserver/publicapi/api.gen.go:369.2,369.88 1 0
github.com/Ethernal-Tech/ucl-block-explorer-syncer/httpserver/publicapi/api.gen.go:369.88,371.3 1 0
github.com/Ethernal-Tech/ucl-block-explorer-syncer/httpserver/publicapi/api.gen.go:373.2,373.52 1 0
github.com/Ethernal-Tech/ucl-block-explorer-syncer/httpserver/publicapi/api.gen.go:373.52,375.3 1 0
github.com/Ethernal-Tech/ucl-block-explorer-syncer/httpserver/publicapi/api.gen.go:377.2,377.25 1 0
github.com/Ethernal-Tech/ucl-block-explorer-syncer/httpserver/publicapi/api.gen.go:385.52,387.2 1 0
github.com/Ethernal-Tech/ucl-block-explorer-syncer/httpserver/publicapi/api.gen.go:389.52,391.2 1 0
github.com/Ethernal-Tech/ucl-block-explorer-syncer/httpserver/publicapi/api.gen.go:398.49,400.2 1 0
github.com/Ethernal-Tech/ucl-block-explorer-syncer/httpserver/publicapi/api.gen.go:402.49,404.2 1 0
github.com/Ethernal-Tech/ucl-block-explorer-syncer/httpserver/publicapi/api.gen.go:410.45,412.2 1 0
github.com/Ethernal-Tech/ucl-block-explorer-syncer/httpserver/publicapi/api.gen.go:419.46,421.2 1 0
github.com/Ethernal-Tech/ucl-block-explorer-syncer/httpserver/publicapi/api.gen.go:423.46,425.2 1 0
github.com/Ethernal-Tech/ucl-block-explorer-syncer/httpserver/publicapi/api.gen.go:432.50,434.2 1 0
github.com/Ethernal-Tech/ucl-block-explorer-syncer/httpserver/publicapi/api.gen.go:436.50,438.2 1 0
github.com/Ethernal-Tech/ucl-block-explorer-syncer/httpserver/publicapi/api.gen.go:445.53,447.2 1 0
github.com/Ethernal-Tech/ucl-block-explorer-syncer/httpserver/publicapi/api.gen.go:450.47,452.2 1 0
[...]
github.com/Ethernal-Tech/ucl-block-explorer-syncer/syncer/block_worker/options.go:85.62,86.36 1 1
github.com/Ethernal-Tech/ucl-block-explorer-syncer/syncer/block_worker/options.go:86.36,87.25 1 1
github.com/Ethernal-Tech/ucl-block-explorer-syncer/syncer/block_worker/options.go:87.25,89.4 1 0
github.com/Ethernal-Tech/ucl-block-explorer-syncer/syncer/block_worker/options.go:89.9,89.35 1 1
github.com/Ethernal-Tech/ucl-block-explorer-syncer/syncer/block_worker/options.go:89.35,91.4 1 0
github.com/Ethernal-Tech/ucl-block-explorer-syncer/syncer/block_worker/options.go:93.3,95.13 2 1
github.com/Ethernal-Tech/ucl-block-explorer-syncer/syncer/block_worker/options.go:103.38,104.36 1 0
github.com/Ethernal-Tech/ucl-block-explorer-syncer/syncer/block_worker/options.go:104.36,108.3 2 0
github.com/Ethernal-Tech/ucl-block-explorer-syncer/syncer/block_worker/options.go:113.47,114.36 1 0
github.com/Ethernal-Tech/ucl-block-explorer-syncer/syncer/block_worker/options.go:114.36,118.3 2 0
github.com/Ethernal-Tech/ucl-block-explorer-syncer/syncer/tx_worker/options.go:14.53,15.33 1 2
github.com/Ethernal-Tech/ucl-block-explorer-syncer/syncer/tx_worker/options.go:15.33,19.3 2 2
github.com/Ethernal-Tech/ucl-block-explorer-syncer/syncer/tx_worker/options.go:23.39,24.33 1 2
github.com/Ethernal-Tech/ucl-block-explorer-syncer/syncer/tx_worker/options.go:24.33,28.3 2 2
github.com/Ethernal-Tech/ucl-block-explorer-syncer/syncer/tx_worker/options.go:35.71,36.33 1 2
github.com/Ethernal-Tech/ucl-block-explorer-syncer/syncer/tx_worker/options.go:36.33,37.10 1 2
github.com/Ethernal-Tech/ucl-block-explorer-syncer/syncer/tx_worker/options.go:38.63,39.91 1 0
github.com/Ethernal-Tech/ucl-block-explorer-syncer/syncer/tx_worker/options.go:40.54,41.86 1 0
github.com/Ethernal-Tech/ucl-block-explorer-syncer/syncer/tx_worker/options.go:44.3,47.13 3 2
github.com/Ethernal-Tech/ucl-block-explorer-syncer/syncer/tx_worker/options.go:54.48,55.33 1 2
github.com/Ethernal-Tech/ucl-block-explorer-syncer/syncer/tx_worker/options.go:55.33,56.30 1 2
github.com/Ethernal-Tech/ucl-block-explorer-syncer/syncer/tx_worker/options.go:56.30,58.4 1 0
github.com/Ethernal-Tech/ucl-block-explorer-syncer/syncer/tx_worker/options.go:60.3,62.13 2 2
github.com/Ethernal-Tech/ucl-block-explorer-syncer/syncer/tx_worker/tx_worker.go:106.45,107.9 1 2
github.com/Ethernal-Tech/ucl-block-explorer-syncer/syncer/tx_worker/tx_worker.go:108.21,109.49 1 0
github.com/Ethernal-Tech/ucl-block-explorer-syncer/syncer/tx_worker/tx_worker.go:110.27,111.62 1 0
github.com/Ethernal-Tech/ucl-block-explorer-syncer/syncer/tx_worker/tx_worker.go:112.28,113.63 1 0
github.com/Ethernal-Tech/ucl-block-explorer-syncer/syncer/tx_worker/tx_worker.go:114.21,115.55 1 0
github.com/Ethernal-Tech/ucl-block-explorer-syncer/syncer/tx_worker/tx_worker.go:116.20,117.54 1 0
github.com/Ethernal-Tech/ucl-block-explorer-syncer/syncer/tx_worker/tx_worker.go:118.20,119.56 1 0
github.com/Ethernal-Tech/ucl-block-explorer-syncer/syncer/tx_worker/tx_worker.go:122.2,134.25 2 2
github.com/Ethernal-Tech/ucl-block-explorer-syncer/syncer/tx_worker/tx_worker.go:134.25,135.35 1 8
github.com/Ethernal-Tech/ucl-block-explorer-syncer/syncer/tx_worker/tx_worker.go:135.35,137.4 1 0
github.com/Ethernal-Tech/ucl-block-explorer-syncer/syncer/tx_worker/tx_worker.go:140.2,140.20 1 2
github.com/Ethernal-Tech/ucl-block-explorer-syncer/syncer/tx_worker/tx_worker.go:149.34,150.21 1 2
github.com/Ethernal-Tech/ucl-block-explorer-syncer/syncer/tx_worker/tx_worker.go:150.21,153.3 1 0
github.com/Ethernal-Tech/ucl-block-explorer-syncer/syncer/tx_worker/tx_worker.go:155.2,157.12 2 2
github.com/Ethernal-Tech/ucl-block-explorer-syncer/syncer/tx_worker/tx_worker.go:157.12,160.28 2 2
github.com/Ethernal-Tech/ucl-block-explorer-syncer/syncer/tx_worker/tx_worker.go:160.28,165.27 3 2
github.com/Ethernal-Tech/ucl-block-explorer-syncer/syncer/tx_worker/tx_worker.go:165.27,167.33 1 2
github.com/Ethernal-Tech/ucl-block-explorer-syncer/syncer/tx_worker/tx_worker.go:167.33,172.21 1 2
github.com/Ethernal-Tech/ucl-block-explorer-syncer/syncer/tx_worker/tx_worker.go:172.21,176.7 2 0
github.com/Ethernal-Tech/ucl-block-explorer-syncer/syncer/tx_worker/tx_worker.go:180.5,184.20 1 2
github.com/Ethernal-Tech/ucl-block-explorer-syncer/syncer/tx_worker/tx_worker.go:184.20,188.6 2 1
github.com/Ethernal-Tech/ucl-block-explorer-syncer/syncer/tx_worker/tx_worker.go:192.4,192.22 1 1
github.com/Ethernal-Tech/ucl-block-explorer-syncer/syncer/tx_worker/tx_worker.go:192.22,193.46 1 0
github.com/Ethernal-Tech/ucl-block-explorer-syncer/syncer/tx_worker/tx_worker.go:193.46,197.6 2 0
github.com/Ethernal-Tech/ucl-block-explorer-syncer/syncer/tx_worker/tx_worker.go:199.5,199.22 1 0
github.com/Ethernal-Tech/ucl-block-explorer-syncer/syncer/tx_worker/tx_worker.go:202.4,202.46 1 1
github.com/Ethernal-Tech/ucl-block-explorer-syncer/syncer/tx_worker/tx_worker.go:202.46,206.5 2 0
github.com/Ethernal-Tech/ucl-block-explorer-syncer/syncer/tx_worker/tx_worker.go:208.4,210.26 2 1
github.com/Ethernal-Tech/ucl-block-explorer-syncer/syncer/tx_worker/tx_worker.go:213.3,215.19 2 0
github.com/Ethernal-Tech/ucl-block-explorer-syncer/syncer/tx_worker/tx_worker.go:218.2,218.12 1 2
github.com/Ethernal-Tech/ucl-block-explorer-syncer/syncer/tx_worker/tx_worker.go:222.40,223.16 1 1
github.com/Ethernal-Tech/ucl-block-explorer-syncer/syncer/tx_worker/tx_worker.go:223.16,230.3 2 1
github.com/Ethernal-Tech/ucl-block-explorer-syncer/syncer/tx_worker/tx_worker.go:232.2,232.20 1 1
github.com/Ethernal-Tech/ucl-block-explorer-syncer/syncer/tx_worker/tx_worker.go:235.49,236.21 1 13
github.com/Ethernal-Tech/ucl-block-explorer-syncer/syncer/tx_worker/tx_worker.go:236.21,241.3 1 13
github.com/Ethernal-Tech/ucl-block-explorer-syncer/syncer/tx_worker/tx_worker.go:245.81,248.39 2 4
github.com/Ethernal-Tech/ucl-block-explorer-syncer/syncer/tx_worker/tx_worker.go:248.39,250.3 1 2
github.com/Ethernal-Tech/ucl-block-explorer-syncer/syncer/tx_worker/tx_worker.go:252.2,252.44 1 2
github.com/Ethernal-Tech/ucl-block-explorer-syncer/syncer/tx_worker/tx_worker.go:252.44,254.3 1 1
github.com/Ethernal-Tech/ucl-block-explorer-syncer/syncer/tx_worker/tx_worker.go:256.2,258.12 2 1
github.com/Ethernal-Tech/ucl-block-explorer-syncer/syncer/tx_worker/tx_worker.go:262.59,263.27 1 2
github.com/Ethernal-Tech/ucl-block-explorer-syncer/syncer/tx_worker/tx_worker.go:263.27,264.74 1 6
github.com/Ethernal-Tech/ucl-block-explorer-syncer/syncer/tx_worker/tx_worker.go:264.74,268.25 2 5
github.com/Ethernal-Tech/ucl-block-explorer-syncer/syncer/tx_worker/tx_worker.go:268.25,272.5 2 1
github.com/Ethernal-Tech/ucl-block-explorer-syncer/syncer/tx_worker/tx_worker.go:274.4,276.12 2 4
github.com/Ethernal-Tech/ucl-block-explorer-syncer/syncer/tx_worker/tx_worker.go:280.3,280.30 1 1
github.com/Ethernal-Tech/ucl-block-explorer-syncer/syncer/tx_worker/tx_worker.go:280.30,281.25 1 2
github.com/Ethernal-Tech/ucl-block-explorer-syncer/syncer/tx_worker/tx_worker.go:281.25,283.5 1 0
github.com/Ethernal-Tech/ucl-block-explorer-syncer/syncer/tx_worker/tx_worker.go:286.3,286.13 1 1
github.com/Ethernal-Tech/ucl-block-explorer-syncer/syncer/prolog_worker/options.go:14.57,15.37 1 2
github.com/Ethernal-Tech/ucl-block-explorer-syncer/syncer/prolog_worker/options.go:15.37,19.3 2 2
github.com/Ethernal-Tech/ucl-block-explorer-syncer/syncer/prolog_worker/options.go:23.43,24.37 1 2
github.com/Ethernal-Tech/ucl-block-explorer-syncer/syncer/prolog_worker/options.go:24.37,28.3 2 2
github.com/Ethernal-Tech/ucl-block-explorer-syncer/syncer/prolog_worker/options.go:32.54,33.37 1 2
github.com/Ethernal-Tech/ucl-block-explorer-syncer/syncer/prolog_worker/options.go:33.37,34.49 1 2
github.com/Ethernal-Tech/ucl-block-explorer-syncer/syncer/prolog_worker/options.go:34.49,38.4 1 0
github.com/Ethernal-Tech/ucl-block-explorer-syncer/syncer/prolog_worker/options.go:40.3,42.13 2 2
github.com/Ethernal-Tech/ucl-block-explorer-syncer/syncer/prolog_worker/options.go:48.53,49.37 1 1
github.com/Ethernal-Tech/ucl-block-explorer-syncer/syncer/prolog_worker/options.go:49.37,50.27 1 1
github.com/Ethernal-Tech/ucl-block-explorer-syncer/syncer/prolog_worker/options.go:50.27,54.4 1 0
github.com/Ethernal-Tech/ucl-block-explorer-syncer/syncer/prolog_worker/options.go:56.3,58.13 2 1
github.com/Ethernal-Tech/ucl-block-explorer-syncer/syncer/prolog_worker/options.go:65.69,66.37 1 2
github.com/Ethernal-Tech/ucl-block-explorer-syncer/syncer/prolog_worker/options.go:66.37,67.28 1 2
github.com/Ethernal-Tech/ucl-block-explorer-syncer/syncer/prolog_worker/options.go:67.28,69.4 1 0
github.com/Ethernal-Tech/ucl-block-explorer-syncer/syncer/prolog_worker/options.go:69.9,69.38 1 2
github.com/Ethernal-Tech/ucl-block-explorer-syncer/syncer/prolog_worker/options.go:69.38,71.4 1 0
github.com/Ethernal-Tech/ucl-block-explorer-syncer/syncer/prolog_worker/options.go:73.3,75.13 2 2
github.com/Ethernal-Tech/ucl-block-explorer-syncer/syncer/prolog_worker/options.go:83.45,84.37 1 0
github.com/Ethernal-Tech/ucl-block-explorer-syncer/syncer/prolog_worker/options.go:84.37,88.3 2 0
github.com/Ethernal-Tech/ucl-block-explorer-syncer/syncer/prolog_worker/prolog_worker.go:114.53,115.9 1 2
github.com/Ethernal-Tech/ucl-block-explorer-syncer/syncer/prolog_worker/prolog_worker.go:116.25,117.60 1 0
github.com/Ethernal-Tech/ucl-block-explorer-syncer/syncer/prolog_worker/prolog_worker.go:118.28,119.64 1 0
github.com/Ethernal-Tech/ucl-block-explorer-syncer/syncer/prolog_worker/prolog_worker.go:120.21,121.58 1 0
github.com/Ethernal-Tech/ucl-block-explorer-syncer/syncer/prolog_worker/prolog_worker.go:122.21,123.55 1 0
github.com/Ethernal-Tech/ucl-block-explorer-syncer/syncer/prolog_worker/prolog_worker.go:124.20,125.56 1 0
github.com/Ethernal-Tech/ucl-block-explorer-syncer/syncer/prolog_worker/prolog_worker.go:128.2,138.19 2 2
github.com/Ethernal-Tech/ucl-block-explorer-syncer/syncer/prolog_worker/prolog_worker.go:138.19,141.36 2 1
github.com/Ethernal-Tech/ucl-block-explorer-syncer/syncer/prolog_worker/prolog_worker.go:141.36,142.21 1 1
github.com/Ethernal-Tech/ucl-block-explorer-syncer/syncer/prolog_worker/prolog_worker.go:142.21,145.13 2 0
github.com/Ethernal-Tech/ucl-block-explorer-syncer/syncer/prolog_worker/prolog_worker.go:148.4,150.33 2 1
github.com/Ethernal-Tech/ucl-block-explorer-syncer/syncer/prolog_worker/prolog_worker.go:150.33,152.5 1 1
github.com/Ethernal-Tech/ucl-block-explorer-syncer/syncer/prolog_worker/prolog_worker.go:156.2,156.25 1 2
github.com/Ethernal-Tech/ucl-block-explorer-syncer/syncer/prolog_worker/prolog_worker.go:156.25,157.35 1 9
github.com/Ethernal-Tech/ucl-block-explorer-syncer/syncer/prolog_worker/prolog_worker.go:157.35,159.4 1 0
github.com/Ethernal-Tech/ucl-block-explorer-syncer/syncer/prolog_worker/prolog_worker.go:162.2,162.20 1 2
github.com/Ethernal-Tech/ucl-block-explorer-syncer/syncer/prolog_worker/prolog_worker.go:172.38,173.25 1 2
github.com/Ethernal-Tech/ucl-block-explorer-syncer/syncer/prolog_worker/prolog_worker.go:173.25,176.3 1 0
github.com/Ethernal-Tech/ucl-block-explorer-syncer/syncer/prolog_worker/prolog_worker.go:178.2,180.12 2 2
github.com/Ethernal-Tech/ucl-block-explorer-syncer/syncer/prolog_worker/prolog_worker.go:180.12,181.25 1 2
github.com/Ethernal-Tech/ucl-block-explorer-syncer/syncer/prolog_worker/prolog_worker.go:181.25,186.4 1 1
github.com/Ethernal-Tech/ucl-block-explorer-syncer/syncer/prolog_worker/prolog_worker.go:186.9,190.4 1 1
github.com/Ethernal-Tech/ucl-block-explorer-syncer/syncer/prolog_worker/prolog_worker.go:192.2,193.7 1 2
github.com/Ethernal-Tech/ucl-block-explorer-syncer/syncer/prolog_worker/prolog_worker.go:193.7,196.11 1 2
github.com/Ethernal-Tech/ucl-block-explorer-syncer/syncer/prolog_worker/prolog_worker.go:197.20,201.12 3 0
github.com/Ethernal-Tech/ucl-block-explorer-syncer/syncer/prolog_worker/prolog_worker.go:201.12,202.21 1 0
github.com/Ethernal-Tech/ucl-block-explorer-syncer/syncer/prolog_worker/prolog_worker.go:205.5,205.20 1 0
github.com/Ethernal-Tech/ucl-block-explorer-syncer/syncer/prolog_worker/prolog_worker.go:206.12,206.12 0 2
github.com/Ethernal-Tech/ucl-block-explorer-syncer/syncer/prolog_worker/prolog_worker.go:209.4,213.11 3 2
github.com/Ethernal-Tech/ucl-block-explorer-syncer/syncer/prolog_worker/prolog_worker.go:214.20,217.11 2 1
github.com/Ethernal-Tech/ucl-block-explorer-syncer/syncer/prolog_worker/prolog_worker.go:218.22,221.43 2 1
github.com/Ethernal-Tech/ucl-block-explorer-syncer/syncer/prolog_worker/prolog_worker.go:221.43,222.34 1 1
github.com/Ethernal-Tech/ucl-block-explorer-syncer/syncer/prolog_worker/prolog_worker.go:222.34,223.26 1 3
github.com/Ethernal-Tech/ucl-block-explorer-syncer/syncer/prolog_worker/prolog_worker.go:223.26,226.16 2 0
github.com/Ethernal-Tech/ucl-block-explorer-syncer/syncer/prolog_worker/prolog_worker.go:229.7,230.14 2 3
github.com/Ethernal-Tech/ucl-block-explorer-syncer/syncer/prolog_worker/prolog_worker.go:230.14,231.16 1 1
github.com/Ethernal-Tech/ucl-block-explorer-syncer/syncer/prolog_worker/prolog_worker.go:234.7,234.40 1 2
github.com/Ethernal-Tech/ucl-block-explorer-syncer/syncer/prolog_worker/prolog_worker.go:234.40,235.38 1 2
github.com/Ethernal-Tech/ucl-block-explorer-syncer/syncer/prolog_worker/prolog_worker.go:235.38,238.14 2 1
github.com/Ethernal-Tech/ucl-block-explorer-syncer/syncer/prolog_worker/prolog_worker.go:243.6,243.65 1 1
github.com/Ethernal-Tech/ucl-block-explorer-syncer/syncer/prolog_worker/prolog_worker.go:246.5,248.64 2 1
github.com/Ethernal-Tech/ucl-block-explorer-syncer/syncer/prolog_worker/prolog_worker.go:248.64,253.6 2 0
github.com/Ethernal-Tech/ucl-block-explorer-syncer/syncer/prolog_worker/prolog_worker.go:255.5,257.59 2 1
github.com/Ethernal-Tech/ucl-block-explorer-syncer/syncer/prolog_worker/prolog_worker.go:257.59,260.21 2 1
github.com/Ethernal-Tech/ucl-block-explorer-syncer/syncer/prolog_worker/prolog_worker.go:263.5,265.25 2 0
github.com/Ethernal-Tech/ucl-block-explorer-syncer/syncer/prolog_worker/prolog_worker.go:265.25,267.6 1 0
github.com/Ethernal-Tech/ucl-block-explorer-syncer/syncer/prolog_worker/prolog_worker.go:269.12,274.68 1 0
github.com/Ethernal-Tech/ucl-block-explorer-syncer/syncer/prolog_worker/prolog_worker.go:278.3,280.19 2 1
github.com/Ethernal-Tech/ucl-block-explorer-syncer/syncer/prolog_worker/prolog_worker.go:283.2,283.12 1 2
github.com/Ethernal-Tech/ucl-block-explorer-syncer/syncer/prolog_worker/prolog_worker.go:287.44,288.16 1 2
github.com/Ethernal-Tech/ucl-block-explorer-syncer/syncer/prolog_worker/prolog_worker.go:288.16,295.3 2 1
github.com/Ethernal-Tech/ucl-block-explorer-syncer/syncer/prolog_worker/prolog_worker.go:297.2,297.20 1 2
github.com/Ethernal-Tech/ucl-block-explorer-syncer/syncer/prolog_worker/prolog_worker.go:300.53,301.21 1 11
github.com/Ethernal-Tech/ucl-block-explorer-syncer/syncer/prolog_worker/prolog_worker.go:301.21,306.3 1 11
github.com/Ethernal-Tech/ucl-block-explorer-syncer/syncer/abstract_worker/abstract_worker.go:99.28,100.9 1 3
github.com/Ethernal-Tech/ucl-block-explorer-syncer/syncer/abstract_worker/abstract_worker.go:101.24,102.59 1 0
github.com/Ethernal-Tech/ucl-block-explorer-syncer/syncer/abstract_worker/abstract_worker.go:103.21,104.58 1 0
github.com/Ethernal-Tech/ucl-block-explorer-syncer/syncer/abstract_worker/abstract_worker.go:105.21,106.55 1 0
github.com/Ethernal-Tech/ucl-block-explorer-syncer/syncer/abstract_worker/abstract_worker.go:107.20,108.56 1 0
github.com/Ethernal-Tech/ucl-block-explorer-syncer/syncer/abstract_worker/abstract_worker.go:111.2,121.25 2 3
github.com/Ethernal-Tech/ucl-block-explorer-syncer/syncer/abstract_worker/abstract_worker.go:121.25,122.30 1 11
github.com/Ethernal-Tech/ucl-block-explorer-syncer/syncer/abstract_worker/abstract_worker.go:122.30,124.4 1 0
github.com/Ethernal-Tech/ucl-block-explorer-syncer/syncer/abstract_worker/abstract_worker.go:127.2,127.15 1 3
github.com/Ethernal-Tech/ucl-block-explorer-syncer/syncer/abstract_worker/abstract_worker.go:133.40,134.24 1 3
github.com/Ethernal-Tech/ucl-block-explorer-syncer/syncer/abstract_worker/abstract_worker.go:134.24,137.3 1 0
github.com/Ethernal-Tech/ucl-block-explorer-syncer/syncer/abstract_worker/abstract_worker.go:139.2,139.12 1 3
github.com/Ethernal-Tech/ucl-block-explorer-syncer/syncer/abstract_worker/abstract_worker.go:139.12,143.7 2 3
github.com/Ethernal-Tech/ucl-block-explorer-syncer/syncer/abstract_worker/abstract_worker.go:143.7,145.18 2 3973316
github.com/Ethernal-Tech/ucl-block-explorer-syncer/syncer/abstract_worker/abstract_worker.go:145.18,149.5 2 1
github.com/Ethernal-Tech/ucl-block-explorer-syncer/syncer/abstract_worker/abstract_worker.go:151.4,151.12 1 3973315
github.com/Ethernal-Tech/ucl-block-explorer-syncer/syncer/abstract_worker/abstract_worker.go:151.12,152.10 1 1
github.com/Ethernal-Tech/ucl-block-explorer-syncer/syncer/abstract_worker/abstract_worker.go:155.4,155.11 1 3973314
github.com/Ethernal-Tech/ucl-block-explorer-syncer/syncer/abstract_worker/abstract_worker.go:156.29,157.12 1 2
github.com/Ethernal-Tech/ucl-block-explorer-syncer/syncer/abstract_worker/abstract_worker.go:157.12,158.21 1 1
github.com/Ethernal-Tech/ucl-block-explorer-syncer/syncer/abstract_worker/abstract_worker.go:161.5,164.12 3 1
github.com/Ethernal-Tech/ucl-block-explorer-syncer/syncer/abstract_worker/abstract_worker.go:164.12,165.21 1 0
github.com/Ethernal-Tech/ucl-block-explorer-syncer/syncer/abstract_worker/abstract_worker.go:168.5,168.21 1 1
github.com/Ethernal-Tech/ucl-block-explorer-syncer/syncer/abstract_worker/abstract_worker.go:169.12,170.13 1 3973312
github.com/Ethernal-Tech/ucl-block-explorer-syncer/syncer/abstract_worker/abstract_worker.go:170.13,171.13 1 2
github.com/Ethernal-Tech/ucl-block-explorer-syncer/syncer/abstract_worker/abstract_worker.go:172.31,173.14 1 0
github.com/Ethernal-Tech/ucl-block-explorer-syncer/syncer/abstract_worker/abstract_worker.go:173.14,174.23 1 0
github.com/Ethernal-Tech/ucl-block-explorer-syncer/syncer/abstract_worker/abstract_worker.go:177.7,180.14 3 0
github.com/Ethernal-Tech/ucl-block-explorer-syncer/syncer/abstract_worker/abstract_worker.go:180.14,181.23 1 0
github.com/Ethernal-Tech/ucl-block-explorer-syncer/syncer/abstract_worker/abstract_worker.go:184.7,184.23 1 0
github.com/Ethernal-Tech/ucl-block-explorer-syncer/syncer/abstract_worker/abstract_worker.go:185.77,185.77 0 2
github.com/Ethernal-Tech/ucl-block-explorer-syncer/syncer/abstract_worker/abstract_worker.go:191.3,193.19 2 2
github.com/Ethernal-Tech/ucl-block-explorer-syncer/syncer/abstract_worker/abstract_worker.go:196.2,196.12 1 3
github.com/Ethernal-Tech/ucl-block-explorer-syncer/syncer/abstract_worker/abstract_worker.go:200.46,201.16 1 3
github.com/Ethernal-Tech/ucl-block-explorer-syncer/syncer/abstract_worker/abstract_worker.go:201.16,208.3 2 1
github.com/Ethernal-Tech/ucl-block-explorer-syncer/syncer/abstract_worker/abstract_worker.go:210.2,210.20 1 3
github.com/Ethernal-Tech/ucl-block-explorer-syncer/syncer/abstract_worker/abstract_worker.go:213.55,214.21 1 9
github.com/Ethernal-Tech/ucl-block-explorer-syncer/syncer/abstract_worker/abstract_worker.go:214.21,220.3 1 9
github.com/Ethernal-Tech/ucl-block-explorer-syncer/syncer/abstract_worker/options.go:14.59,15.39 1 3
github.com/Ethernal-Tech/ucl-block-explorer-syncer/syncer/abstract_worker/options.go:15.39,19.3 2 3
github.com/Ethernal-Tech/ucl-block-explorer-syncer/syncer/abstract_worker/options.go:23.45,24.39 1 3
github.com/Ethernal-Tech/ucl-block-explorer-syncer/syncer/abstract_worker/options.go:24.39,28.3 2 3
github.com/Ethernal-Tech/ucl-block-explorer-syncer/syncer/abstract_worker/options.go:33.61,34.39 1 3
github.com/Ethernal-Tech/ucl-block-explorer-syncer/syncer/abstract_worker/options.go:34.39,38.3 2 3
github.com/Ethernal-Tech/ucl-block-explorer-syncer/syncer/abstract_worker/options.go:45.71,46.39 1 2
github.com/Ethernal-Tech/ucl-block-explorer-syncer/syncer/abstract_worker/options.go:46.39,47.28 1 2
github.com/Ethernal-Tech/ucl-block-explorer-syncer/syncer/abstract_worker/options.go:47.28,49.4 1 0
github.com/Ethernal-Tech/ucl-block-explorer-syncer/syncer/abstract_worker/options.go:51.3,53.13 2 2
